This is pdfTeX, Version 3.1415926-2.5-1.40.14 (TeX Live 2013/Debian) (format=pdflatex 2015.5.10)  11 MAY 2015 09:18
entering extended mode
 restricted \write18 enabled.
 %&-line parsing enabled.
**Mythesis_Btech.tex
(./Mythesis_Btech.tex
LaTeX2e <2011/06/27>
Babel <3.9h> and hyphenation patterns for 78 languages loaded.
(./thesis.cls
Document Class: thesis 2000/11/03

--------------------------------------------------------------
 +---+ Thesis Style (thesis.cls) version 1.09, November 2000
 +---+ for University of Colorado Ph.D. theses/dissertations.
 * Conforms to the University of Colorado at Boulder Graduate
 * School "SPECIFICATIONS for Preparation of Master's Thesis
 * and Doctoral Dissertations" (rev. February 2000).
--------------------------------------------------------------
 URL: http://www.Colorado.EDU/ITS/docs/latex/ThesisClass

(/usr/share/texlive/texmf-dist/tex/latex/base/report.cls
Document Class: report 2007/10/19 v1.4h Standard LaTeX document class
(/usr/share/texlive/texmf-dist/tex/latex/base/size12.clo
File: size12.clo 2007/10/19 v1.4h Standard LaTeX file (size option)
)
\c@part=\count79
\c@chapter=\count80
\c@section=\count81
\c@subsection=\count82
\c@subsubsection=\count83
\c@paragraph=\count84
\c@subparagraph=\count85
\c@figure=\count86
\c@table=\count87
\abovecaptionskip=\skip41
\belowcaptionskip=\skip42
\bibindent=\dimen102
)
(/usr/share/texlive/texmf-dist/tex/latex/tools/indentfirst.sty
Package: indentfirst 1995/11/23 v1.03 Indent first paragraph (DPC)
)
(/usr/share/texlive/texmf-dist/tex/latex/base/ifthen.sty
Package: ifthen 2001/05/26 v1.1c Standard LaTeX ifthen package (DPC)
) (./ulem.sty
\UL@box=\box26
\UL@hyphenbox=\box27
\UL@skip=\skip43
\UL@hook=\toks14
\UL@height=\dimen103
\UL@pe=\count88
\UL@pixel=\dimen104
\ULC@box=\box28
Package: ulem 2012/05/18
\ULdepth=\dimen105
)
\c@th@SecNum=\count89
\c@th@SectionSave=\count90
\th@SubSubSecSpc=\skip44
\c@th@storepage=\count91
)
(/usr/share/texlive/texmf-dist/tex/latex/base/latexsym.sty
Package: latexsym 1998/08/17 v2.2e Standard LaTeX package (lasy symbols)
\symlasy=\mathgroup4
LaTeX Font Info:    Overwriting symbol font `lasy' in version `bold'
(Font)                  U/lasy/m/n --> U/lasy/b/n on input line 47.
)
(/usr/share/texlive/texmf-dist/tex/latex/graphics/epsfig.sty
Package: epsfig 1999/02/16 v1.7a (e)psfig emulation (SPQR)

(/usr/share/texlive/texmf-dist/tex/latex/graphics/graphicx.sty
Package: graphicx 1999/02/16 v1.0f Enhanced LaTeX Graphics (DPC,SPQR)

(/usr/share/texlive/texmf-dist/tex/latex/graphics/keyval.sty
Package: keyval 1999/03/16 v1.13 key=value parser (DPC)
\KV@toks@=\toks15
)
(/usr/share/texlive/texmf-dist/tex/latex/graphics/graphics.sty
Package: graphics 2009/02/05 v1.0o Standard LaTeX Graphics (DPC,SPQR)

(/usr/share/texlive/texmf-dist/tex/latex/graphics/trig.sty
Package: trig 1999/03/16 v1.09 sin cos tan (DPC)
)
(/usr/share/texlive/texmf-dist/tex/latex/latexconfig/graphics.cfg
File: graphics.cfg 2010/04/23 v1.9 graphics configuration of TeX Live
)
Package graphics Info: Driver file: pdftex.def on input line 91.

(/usr/share/texlive/texmf-dist/tex/latex/pdftex-def/pdftex.def
File: pdftex.def 2011/05/27 v0.06d Graphics/color for pdfTeX

(/usr/share/texlive/texmf-dist/tex/generic/oberdiek/infwarerr.sty
Package: infwarerr 2010/04/08 v1.3 Providing info/warning/error messages (HO)
)
(/usr/share/texlive/texmf-dist/tex/generic/oberdiek/ltxcmds.sty
Package: ltxcmds 2011/11/09 v1.22 LaTeX kernel commands for general use (HO)
)
\Gread@gobject=\count92
))
\Gin@req@height=\dimen106
\Gin@req@width=\dimen107
)
\epsfxsize=\dimen108
\epsfysize=\dimen109
)
(./rotating.sty
Package: rotating 1995/08/22 2.10 Rotation package
\r@tfl@t=\count93
\rot@float@box=\box29
) (./eufrak.sty
Package: eufrak 1997/05/15 v2.2d Euler Fraktur fonts
LaTeX Font Info:    Overwriting math alphabet `\EuFrak' in version `bold'
(Font)                  U/euf/m/n --> U/euf/b/n on input line 52.
) (./listofsymbols.sty
Package: listofsymbols 

(/usr/share/texlive/texmf-dist/tex/latex/tools/calc.sty
Package: calc 2007/08/22 v4.3 Infix arithmetic (KKT,FJ)
\calc@Acount=\count94
\calc@Bcount=\count95
\calc@Adimen=\dimen110
\calc@Bdimen=\dimen111
\calc@Askip=\skip45
\calc@Bskip=\skip46
LaTeX Info: Redefining \setlength on input line 76.
LaTeX Info: Redefining \addtolength on input line 77.
\calc@Ccount=\count96
\calc@Cskip=\skip47
)
\symwidth=\skip48
\sympagenowidth=\skip49

(/usr/share/texlive/texmf-dist/tex/latex/tools/xspace.sty
Package: xspace 2009/10/20 v1.13 Space after command names (DPC,MH)
)
\old@parskip=\skip50
\old@parindent=\skip51
)
(/usr/share/texlive/texmf-dist/tex/latex/algorithms/algorithm.sty
Package: algorithm 2009/08/24 v0.1 Document Style `algorithm' - floating enviro
nment

(/usr/share/texlive/texmf-dist/tex/latex/float/float.sty
Package: float 2001/11/08 v1.3d Float enhancements (AL)
\c@float@type=\count97
\float@exts=\toks16
\float@box=\box30
\@float@everytoks=\toks17
\@floatcapt=\box31
)
\@float@every@algorithm=\toks18
\c@algorithm=\count98
)
(/usr/share/texlive/texmf-dist/tex/latex/algorithms/algorithmic.sty
Package: algorithmic 2009/08/24 v0.1 Document Style `algorithmic'
\c@ALC@unique=\count99
\c@ALC@line=\count100
\c@ALC@rem=\count101
\c@ALC@depth=\count102
\ALC@tlm=\skip52
\algorithmicindent=\skip53
)
(/usr/share/texlive/texmf-dist/tex/latex/morefloats/morefloats.sty
Package: morefloats 2012/01/28 v1.0f Raise limit of unprocessed floats (HMM; DH
)

(/usr/share/texlive/texmf-dist/tex/latex/oberdiek/kvoptions.sty
Package: kvoptions 2011/06/30 v3.11 Key value format for package options (HO)

(/usr/share/texlive/texmf-dist/tex/generic/oberdiek/kvsetkeys.sty
Package: kvsetkeys 2012/04/25 v1.16 Key value parser (HO)

(/usr/share/texlive/texmf-dist/tex/generic/oberdiek/etexcmds.sty
Package: etexcmds 2011/02/16 v1.5 Avoid name clashes with e-TeX commands (HO)

(/usr/share/texlive/texmf-dist/tex/generic/oberdiek/ifluatex.sty
Package: ifluatex 2010/03/01 v1.3 Provides the ifluatex switch (HO)
Package ifluatex Info: LuaTeX not detected.
)
Package etexcmds Info: Could not find \expanded.
(etexcmds)             That can mean that you are not using pdfTeX 1.50 or
(etexcmds)             that some package has redefined \expanded.
(etexcmds)             In the latter case, load this package earlier.
)))
Package morefloats Info: Maximum number of possible floats asked for: 36.
(morefloats)             LaTeX might run out of memory before this
(morefloats)             (in which case it will notify you).
(morefloats)              on input line 171.
\bx@S=\insert233
\bx@T=\insert232
\bx@U=\insert231
\bx@V=\insert230
\bx@W=\insert229
\bx@X=\insert228
\bx@Y=\insert227
\bx@Z=\insert226
\bx@AA=\insert225
\bx@AB=\insert224
\bx@AC=\insert223
\bx@AD=\insert222
\bx@AE=\insert221
\bx@AF=\insert220
\bx@AG=\insert219
\bx@AH=\insert218
\bx@AI=\insert217
\bx@AJ=\insert216
)
Runaway argument?
{\uppercase {KRUTHIKA SURESH VED\\B110300CS \and SIKHA V MANOJ\\B1105\ETC.
! Paragraph ended before \author was complete.
<to be read again> 
                   \par 
l.31 
     
? R
OK, entering \nonstopmode...
Putting page number on short ToC
! Undefined control sequence.
\LoSisShort -> \@shortLoStrue 
                              \typeout {Putting page number on short LoS} 
l.59 \LoSisShort
                
The control sequence at the end of the top line
of your error message was never \def'ed. If you have
misspelled it (e.g., `\hobx'), type `I' and the correct
spelling (e.g., `I\hbox'). Otherwise just continue,
and I'll forget about whatever was undefined.

Putting page number on short LoS
Putting page number on short LoF
Putting page number on short LoT
! Undefined control sequence.
\LoAisShort -> \@shortLoAtrue 
                              \typeout {Putting page number on short LoA} 
l.67 \LoAisShort
                
The control sequence at the end of the top line
of your error message was never \def'ed. If you have
misspelled it (e.g., `\hobx'), type `I' and the correct
spelling (e.g., `I\hbox'). Otherwise just continue,
and I'll forget about whatever was undefined.

Putting page number on short LoA
(./Mythesis_Btech.aux

LaTeX Warning: Label `fig_1' multiply defined.

)
\openout1 = `Mythesis_Btech.aux'.

LaTeX Font Info:    Checking defaults for OML/cmm/m/it on input line 80.
LaTeX Font Info:    ... okay on input line 80.
LaTeX Font Info:    Checking defaults for T1/cmr/m/n on input line 80.
LaTeX Font Info:    ... okay on input line 80.
LaTeX Font Info:    Checking defaults for OT1/cmr/m/n on input line 80.
LaTeX Font Info:    ... okay on input line 80.
LaTeX Font Info:    Checking defaults for OMS/cmsy/m/n on input line 80.
LaTeX Font Info:    ... okay on input line 80.
LaTeX Font Info:    Checking defaults for OMX/cmex/m/n on input line 80.
LaTeX Font Info:    ... okay on input line 80.
LaTeX Font Info:    Checking defaults for U/cmr/m/n on input line 80.
LaTeX Font Info:    ... okay on input line 80.
 (/usr/share/texlive/texmf-dist/tex/context/base/supp-pdf.mkii
[Loading MPS to PDF converter (version 2006.09.02).]
\scratchcounter=\count103
\scratchdimen=\dimen112
\scratchbox=\box32
\nofMPsegments=\count104
\nofMParguments=\count105
\everyMPshowfont=\toks19
\MPscratchCnt=\count106
\MPscratchDim=\dimen113
\MPnumerator=\count107
\makeMPintoPDFobject=\count108
\everyMPtoPDFconversion=\toks20
) (/usr/share/texlive/texmf-dist/tex/generic/oberdiek/pdftexcmds.sty
Package: pdftexcmds 2011/11/29 v0.20 Utility functions of pdfTeX for LuaTeX (HO
)

(/usr/share/texlive/texmf-dist/tex/generic/oberdiek/ifpdf.sty
Package: ifpdf 2011/01/30 v2.3 Provides the ifpdf switch (HO)
Package ifpdf Info: pdfTeX in PDF mode is detected.
)
Package pdftexcmds Info: LuaTeX not detected.
Package pdftexcmds Info: \pdf@primitive is available.
Package pdftexcmds Info: \pdf@ifprimitive is available.
Package pdftexcmds Info: \pdfdraftmode found.
)
(/usr/share/texlive/texmf-dist/tex/latex/oberdiek/epstopdf-base.sty
Package: epstopdf-base 2010/02/09 v2.5 Base part for package epstopdf

(/usr/share/texlive/texmf-dist/tex/latex/oberdiek/grfext.sty
Package: grfext 2010/08/19 v1.1 Manage graphics extensions (HO)

(/usr/share/texlive/texmf-dist/tex/generic/oberdiek/kvdefinekeys.sty
Package: kvdefinekeys 2011/04/07 v1.3 Define keys (HO)
))
Package grfext Info: Graphics extension search list:
(grfext)             [.png,.pdf,.jpg,.mps,.jpeg,.jbig2,.jb2,.PNG,.PDF,.JPG,.JPE
G,.JBIG2,.JB2,.eps]
(grfext)             \AppendGraphicsExtensions on input line 452.

(/usr/share/texlive/texmf-dist/tex/latex/latexconfig/epstopdf-sys.cfg
File: epstopdf-sys.cfg 2010/07/13 v1.3 Configuration of (r)epstopdf for TeX Liv
e
))
Making Title Page

! Class thesis Error:  You must specify your name!.

See the thesis class documentation for explanation.
Type  H <return>  for immediate help.
 ...                                              
                                                  
l.80 \begin{document}
                     
Use the \author{}{} command in the 
preamble. The first arg is your first name and 
middle initial. The second arg is your last name.


! LaTeX Error: There's no line here to end.

See the LaTeX manual or LaTeX Companion for explanation.
Type  H <return>  for immediate help.
 ...                                              
                                                  
l.80 \begin{document}
                     
Your command was ignored.
Type  I <command> <return>  to replace it with another command,
or  <return>  to continue without it.

<figures/nitclogo.pdf, id=1, 73.27374pt x 86.3225pt>
File: figures/nitclogo.pdf Graphic file (type pdf)

<use figures/nitclogo.pdf>
Package pdftex.def Info: figures/nitclogo.pdf used on input line 80.
(pdftex.def)             Requested size: 85.35826pt x 100.55827pt.

Making Acknowledgement Page
[1


{/var/lib/texmf/fonts/map/pdftex/updmap/pdftex.map} <./figures/nitclogo.pdf>]
centered
! Missing { inserted.
<to be read again> 
                   \unhbox 
l.80 \begin{document}
                     
A left brace was mandatory here, so I've put one in.
You might want to delete and/or insert some corrections
so that I will find a matching right brace soon.
(If you're confused by all this, try typing `I}' now.)


! LaTeX Error: \begin{raggedright} on input line 80 ended by \end{RAGGEDRIGHT}.


See the LaTeX manual or LaTeX Companion for explanation.
Type  H <return>  for immediate help.
 ...                                              
                                                  
l.80 \begin{document}
                     
Your command was ignored.
Type  I <command> <return>  to replace it with another command,
or  <return>  to continue without it.

Making Dedication Page

Overfull \hbox (111.20749pt too wide) in paragraph at lines 80--80
[]\OT1/cmr/m/n/12 Your ac-knowl-edge-ments  | \OT1/cmr/bx/n/12 YOUR
 []


Overfull \vbox (7.96431pt too high) has occurred while \output is active []


[2


]
Underfull \hbox (badness 10000) in paragraph at lines 80--80

 []


Underfull \hbox (badness 10000) in paragraph at lines 80--80

 []

Making Approval Page

Overfull \hbox (97.14171pt too wide) in paragraph at lines 80--80
[][] []
 []

[3

]

! Class thesis Error:  You must specify your name!.

See the thesis class documentation for explanation.
Type  H <return>  for immediate help.
 ...                                              
                                                  
l.80 \begin{document}
                     
Use the \author{}{} command in the 
preamble. The first arg is your first name and 
middle initial. The second arg is your last name.


Underfull \hbox (badness 10000) in paragraph at lines 80--80

 []

Making ToC Page
Making Short ToC...
[4

]
centered
Short Chapter (page numbered)
(./Mythesis_Btech.toc
LaTeX Font Info:    External font `cmex10' loaded for size
(Font)              <12> on input line 5.
LaTeX Font Info:    External font `cmex10' loaded for size
(Font)              <8> on input line 5.
LaTeX Font Info:    External font `cmex10' loaded for size
(Font)              <6> on input line 5.
LaTeX Font Info:    Try loading font information for U+lasy on input line 5.
 (/usr/share/texlive/texmf-dist/tex/latex/base/ulasy.fd
File: ulasy.fd 1998/08/17 v2.2e LaTeX symbol font definitions
)
Overfull \vbox (5.16667pt too high) has occurred while \output is active []


[5

])
\tf@toc=\write3
\openout3 = `Mythesis_Btech.toc'.


Making Abstract Page

Overfull \vbox (7.96431pt too high) has occurred while \output is active []


[6]
centered
Short Chapter (page numbered)
Making LoS Page
! Undefined control sequence.
\emptyLoS -> \@makenoLoStrue 
                             \typeout {No LoS printed} 
l.80 \begin{document}
                     
The control sequence at the end of the top line
of your error message was never \def'ed. If you have
misspelled it (e.g., `\hobx'), type `I' and the correct
spelling (e.g., `I\hbox'). Otherwise just continue,
and I'll forget about whatever was undefined.

No LoS printed
Skipping Los...
! Undefined control sequence.
\th@MakeThesisPrologue ...ge \listofabbreviations 
                                                  \typeout {Making LoT Page}...
l.80 \begin{document}
                     
The control sequence at the end of the top line
of your error message was never \def'ed. If you have
misspelled it (e.g., `\hobx'), type `I' and the correct
spelling (e.g., `I\hbox'). Otherwise just continue,
and I'll forget about whatever was undefined.

Making LoT Page
Making Short LoT...

Overfull \vbox (7.96431pt too high) has occurred while \output is active []


[7


]
centered
Short Chapter (page numbered)
(./Mythesis_Btech.lot)
\tf@lot=\write4
\openout4 = `Mythesis_Btech.lot'.


Making LoF Page
Making Short LoF...

Overfull \vbox (7.96431pt too high) has occurred while \output is active []


[8

]
centered
Short Chapter (page numbered)
(./Mythesis_Btech.lof)
\tf@lof=\write5
\openout5 = `Mythesis_Btech.lof'.


Making LoA Page
! Undefined control sequence.
\th@LoApage ...@THshortChapterfalse \if@makenoLoA 
                                                  \typeout {Skipping LoA...}...
l.80 \begin{document}
                     
The control sequence at the end of the top line
of your error message was never \def'ed. If you have
misspelled it (e.g., `\hobx'), type `I' and the correct
spelling (e.g., `I\hbox'). Otherwise just continue,
and I'll forget about whatever was undefined.

Skipping LoA...
! Undefined control sequence.
\th@LoApage ...doublespacing \listofabbreviations 
                                                  } \fi 
l.80 \begin{document}
                     
The control sequence at the end of the top line
of your error message was never \def'ed. If you have
misspelled it (e.g., `\hobx'), type `I' and the correct
spelling (e.g., `I\hbox'). Otherwise just continue,
and I'll forget about whatever was undefined.

! Extra \fi.
\th@LoApage ...spacing \listofabbreviations } \fi 
                                                  
l.80 \begin{document}
                     
I'm ignoring this; it doesn't match any \if.

! Extra \fi.
\th@MakeThesisPrologue ...A Page} \th@LoApage \fi 
                                                  
l.80 \begin{document}
                     
I'm ignoring this; it doesn't match any \if.



-------------------Beginning Body----------------------



Overfull \vbox (7.96431pt too high) has occurred while \output is active []


[9

] (./macros.tex
\c@th@theorem=\count109
) (./ch1.tex
 \th@ChapterStyle\th@DoChapCenterChapter \th@ChapterStyle 1.
centered
LaTeX Font Info:    Try loading font information for OMS+cmr on input line 6.
(/usr/share/texlive/texmf-dist/tex/latex/base/omscmr.fd
File: omscmr.fd 1999/05/25 v2.5h Standard LaTeX font definitions
)
LaTeX Font Info:    Font shape `OMS/cmr/m/n' in size <12> not available
(Font)              Font shape `OMS/cmsy/m/n' tried instead on input line 6.
) (./ch2.tex [1


]
 \th@ChapterStyle\th@DoChapCenterChapter \th@ChapterStyle 2.
centered
[2

] <figures/hw_model.jpg, id=46, 625.33624pt x 632.3625pt>
File: figures/hw_model.jpg Graphic file (type jpg)

<use figures/hw_model.jpg>
Package pdftex.def Info: figures/hw_model.jpg used on input line 13.
(pdftex.def)             Requested size: 469.00104pt x 474.27072pt.

Overfull \hbox (49.83482pt too wide) in paragraph at lines 13--14
 [][] 
 []

) (./ch3.tex
Overfull \vbox (7.73332pt too high) has occurred while \output is active []


[3]
Overfull \vbox (7.73332pt too high) has occurred while \output is active []


[4 <./figures/hw_model.jpg>]
 \th@ChapterStyle\th@DoChapCenterChapter \th@ChapterStyle 3.
centered
[5

] <figures/root_entry.jpg, id=57, 698.61pt x 137.51375pt>
File: figures/root_entry.jpg Graphic file (type jpg)

<use figures/root_entry.jpg>
Package pdftex.def Info: figures/root_entry.jpg used on input line 20.
(pdftex.def)             Requested size: 349.30414pt x 68.7567pt.

Overfull \vbox (7.73332pt too high) has occurred while \output is active []


[6 <./figures/root_entry.jpg>]) (./ch4.tex
Overfull \vbox (7.73332pt too high) has occurred while \output is active []


[7]
Overfull \vbox (7.73332pt too high) has occurred while \output is active []


[8]
 \th@ChapterStyle\th@DoChapCenterChapter \th@ChapterStyle 4.
centered
<figures/process_model.png, id=67, 167.57607pt x 166.221pt>
File: figures/process_model.png Graphic file (type png)

<use figures/process_model.png>
Package pdftex.def Info: figures/process_model.png used on input line 10.
(pdftex.def)             Requested size: 125.68172pt x 124.66542pt.
 [9

 <./figures/process_model.png>]
Overfull \vbox (7.73332pt too high) has occurred while \output is active []


[10]
Overfull \vbox (7.73332pt too high) has occurred while \output is active []


[11]
Overfull \hbox (5.85608pt too wide) in paragraph at lines 40--41
[]\OT1/cmr/m/n/12 The Exit sys-tem call ter-mi-nates a pro-cess af-ter clos-ing
 all files and semaphores.
 []

) (./ch6.tex
Overfull \vbox (7.73332pt too high) has occurred while \output is active []


[12]
 \th@ChapterStyle\th@DoChapCenterChapter \th@ChapterStyle 5.
centered
[13

]
Overfull \vbox (7.73332pt too high) has occurred while \output is active []


[14]) (./ch7.tex
Overfull \vbox (7.73332pt too high) has occurred while \output is active []


[15]
Overfull \vbox (7.73332pt too high) has occurred while \output is active []


[16]
 \th@ChapterStyle\th@DoChapCenterChapter \th@ChapterStyle 6.
centered
Missing character: There is no ‚ in font cmr12!
Missing character: There is no Ä in font cmr12!
Missing character: There is no ú in font cmr12!
Missing character: There is no ‚ in font cmr12!
Missing character: There is no Ä in font cmr12!
Missing character: There is no ù in font cmr12!
[17

]
Overfull \vbox (7.73332pt too high) has occurred while \output is active []


[18]
Overfull \vbox (7.73332pt too high) has occurred while \output is active []


[19]
Overfull \vbox (7.73332pt too high) has occurred while \output is active []


[20]
Overfull \vbox (7.73332pt too high) has occurred while \output is active []


[21]) (./ch9.tex
Overfull \vbox (7.73332pt too high) has occurred while \output is active []


[22]
 \th@ChapterStyle\th@DoChapCenterChapter \th@ChapterStyle 7.
centered

Underfull \hbox (badness 1997) in paragraph at lines 153--154
[] []\OT1/cmr/m/n/12 Change the lseek value in the Per-Process Re-source Ta-ble
 en-try to
 []


Underfull \hbox (badness 10000) in paragraph at lines 453--454
[] []\OT1/cmr/m/n/12 If there are no free pages in the mem-ory, then in-cre-men
t the
 []


! LaTeX Error: Something's wrong--perhaps a missing \item.

See the LaTeX manual or LaTeX Companion for explanation.
Type  H <return>  for immediate help.
 ...                                              
                                                  
l.540 \ENDWHILE
               
Try typing  <return>  to proceed.
If that doesn't work, type  X <return>  to quit.

) (./Mythesis_Btech.bbl [23

]
Overfull \vbox (7.73332pt too high) has occurred while \output is active []


[24]
Overfull \vbox (7.73332pt too high) has occurred while \output is active []


[25]
Overfull \vbox (7.73332pt too high) has occurred while \output is active []


[26]
Overfull \vbox (7.73332pt too high) has occurred while \output is active []


[27]
Overfull \vbox (7.73332pt too high) has occurred while \output is active []


[28]
Overfull \vbox (7.73332pt too high) has occurred while \output is active []


[29]
Overfull \vbox (7.73332pt too high) has occurred while \output is active []


[30]
Overfull \vbox (7.73332pt too high) has occurred while \output is active []


[31]
Overfull \vbox (7.73332pt too high) has occurred while \output is active []


[32]
Overfull \vbox (7.73332pt too high) has occurred while \output is active []


[33]
centered

LaTeX Warning: Empty `thebibliography' environment on input line 3.

) (./appB.tex [34

]
 \th@ChapterStyle\th@DoChapCenterAppendix \th@ChapterStyle A.
centered
<figures/state.png, id=151, 607.97137pt x 397.485pt>
File: figures/state.png Graphic file (type png)
 <use figures/state.png>
Package pdftex.def Info: figures/state.png used on input line 8.
(pdftex.def)             Requested size: 303.98494pt x 198.742pt.

Underfull \hbox (badness 10000) in paragraph at lines 13--15

 []


Underfull \hbox (badness 10000) in paragraph at lines 16--19

 []

[35

 <./figures/state.png>]
Underfull \hbox (badness 10000) in paragraph at lines 20--25

 []


Underfull \hbox (badness 10000) in paragraph at lines 26--28

 []


Underfull \hbox (badness 10000) in paragraph at lines 29--31

 []


Underfull \hbox (badness 10000) in paragraph at lines 32--37

 []


Overfull \vbox (7.73332pt too high) has occurred while \output is active []


[36]
Overfull \hbox (19.07628pt too wide) in paragraph at lines 38--40
\OT1/cmr/m/n/12 WAIT[]SEMAPHORE / WAIT[]FILE / WAIT[]BUFFER / WAIT[]MEM $\OMS/c
msy/m/n/12 !$ \OT1/cmr/m/n/12 SWAPPED
 []


Underfull \hbox (badness 10000) in paragraph at lines 38--40

 []


Underfull \hbox (badness 10000) in paragraph at lines 41--44

 []


Underfull \hbox (badness 10000) in paragraph at lines 46--48

 []


Underfull \hbox (badness 10000) in paragraph at lines 49--51

 []


Underfull \hbox (badness 10000) in paragraph at lines 52--54

 []


Underfull \hbox (badness 10000) in paragraph at lines 55--57

 []


Underfull \hbox (badness 10000) in paragraph at lines 58--60

 []


Overfull \vbox (7.73332pt too high) has occurred while \output is active []


[37]
Underfull \hbox (badness 10000) in paragraph at lines 61--63

 []

)
Overfull \vbox (7.73332pt too high) has occurred while \output is active []


[38] (./Mythesis_Btech.aux)

LaTeX Warning: There were multiply-defined labels.

 )
(\end occurred inside a group at level 1)

### simple group (level 1) entered at line 80 ({)
### bottom level 
Here is how much of TeX's memory you used:
 2568 strings out of 493304
 35646 string characters out of 6139871
 155606 words of memory out of 5000000
 5934 multiletter control sequences out of 15000+600000
 9864 words of font info for 36 fonts, out of 8000000 for 9000
 957 hyphenation exceptions out of 8191
 36i,7n,28p,794b,697s stack positions out of 5000i,500n,10000p,200000b,80000s
</usr/share/texlive/texmf-dist/fonts/type1/public/amsfonts/cm/c
mbx12.pfb></usr/share/texlive/texmf-dist/fonts/type1/public/amsfonts/cm/cmr10.p
fb></usr/share/texlive/texmf-dist/fonts/type1/public/amsfonts/cm/cmr12.pfb></us
r/share/texlive/texmf-dist/fonts/type1/public/amsfonts/cm/cmsy10.pfb></usr/shar
e/texlive/texmf-dist/fonts/type1/public/amsfonts/cm/cmti12.pfb>
Output written on Mythesis_Btech.pdf (47 pages, 240908 bytes).
PDF statistics:
 185 PDF objects out of 1000 (max. 8388607)
 123 compressed objects within 2 object streams
 0 named destinations out of 1000 (max. 500000)
 26 words of extra memory for PDF output out of 10000 (max. 10000000)

