This is pdfTeX, Version 3.1415926-2.5-1.40.14 (TeX Live 2013/Debian) (format=pdflatex 2015.5.10)  14 MAY 2015 23:02
entering extended mode
 restricted \write18 enabled.
 %&-line parsing enabled.
**Mythesis_Btech.tex
(./Mythesis_Btech.tex
LaTeX2e <2011/06/27>
Babel <3.9h> and hyphenation patterns for 78 languages loaded.
(./thesis.cls
Document Class: thesis 2000/11/03

--------------------------------------------------------------
 +---+ Thesis Style (thesis.cls) version 1.09, November 2000
 +---+ for University of Colorado Ph.D. theses/dissertations.
 * Conforms to the University of Colorado at Boulder Graduate
 * School "SPECIFICATIONS for Preparation of Master's Thesis
 * and Doctoral Dissertations" (rev. February 2000).
--------------------------------------------------------------
 URL: http://www.Colorado.EDU/ITS/docs/latex/ThesisClass

(/usr/share/texlive/texmf-dist/tex/latex/base/report.cls
Document Class: report 2007/10/19 v1.4h Standard LaTeX document class
(/usr/share/texlive/texmf-dist/tex/latex/base/size12.clo
File: size12.clo 2007/10/19 v1.4h Standard LaTeX file (size option)
)
\c@part=\count79
\c@chapter=\count80
\c@section=\count81
\c@subsection=\count82
\c@subsubsection=\count83
\c@paragraph=\count84
\c@subparagraph=\count85
\c@figure=\count86
\c@table=\count87
\abovecaptionskip=\skip41
\belowcaptionskip=\skip42
\bibindent=\dimen102
)
(/usr/share/texlive/texmf-dist/tex/latex/tools/indentfirst.sty
Package: indentfirst 1995/11/23 v1.03 Indent first paragraph (DPC)
)
(/usr/share/texlive/texmf-dist/tex/latex/base/ifthen.sty
Package: ifthen 2001/05/26 v1.1c Standard LaTeX ifthen package (DPC)
) (./ulem.sty
\UL@box=\box26
\UL@hyphenbox=\box27
\UL@skip=\skip43
\UL@hook=\toks14
\UL@height=\dimen103
\UL@pe=\count88
\UL@pixel=\dimen104
\ULC@box=\box28
Package: ulem 2012/05/18
\ULdepth=\dimen105
)
\c@th@SecNum=\count89
\c@th@SectionSave=\count90
\th@SubSubSecSpc=\skip44
\c@th@storepage=\count91
)
(/usr/share/texlive/texmf-dist/tex/latex/base/latexsym.sty
Package: latexsym 1998/08/17 v2.2e Standard LaTeX package (lasy symbols)
\symlasy=\mathgroup4
LaTeX Font Info:    Overwriting symbol font `lasy' in version `bold'
(Font)                  U/lasy/m/n --> U/lasy/b/n on input line 47.
)
(/usr/share/texlive/texmf-dist/tex/latex/graphics/epsfig.sty
Package: epsfig 1999/02/16 v1.7a (e)psfig emulation (SPQR)

(/usr/share/texlive/texmf-dist/tex/latex/graphics/graphicx.sty
Package: graphicx 1999/02/16 v1.0f Enhanced LaTeX Graphics (DPC,SPQR)

(/usr/share/texlive/texmf-dist/tex/latex/graphics/keyval.sty
Package: keyval 1999/03/16 v1.13 key=value parser (DPC)
\KV@toks@=\toks15
)
(/usr/share/texlive/texmf-dist/tex/latex/graphics/graphics.sty
Package: graphics 2009/02/05 v1.0o Standard LaTeX Graphics (DPC,SPQR)

(/usr/share/texlive/texmf-dist/tex/latex/graphics/trig.sty
Package: trig 1999/03/16 v1.09 sin cos tan (DPC)
)
(/usr/share/texlive/texmf-dist/tex/latex/latexconfig/graphics.cfg
File: graphics.cfg 2010/04/23 v1.9 graphics configuration of TeX Live
)
Package graphics Info: Driver file: pdftex.def on input line 91.

(/usr/share/texlive/texmf-dist/tex/latex/pdftex-def/pdftex.def
File: pdftex.def 2011/05/27 v0.06d Graphics/color for pdfTeX

(/usr/share/texlive/texmf-dist/tex/generic/oberdiek/infwarerr.sty
Package: infwarerr 2010/04/08 v1.3 Providing info/warning/error messages (HO)
)
(/usr/share/texlive/texmf-dist/tex/generic/oberdiek/ltxcmds.sty
Package: ltxcmds 2011/11/09 v1.22 LaTeX kernel commands for general use (HO)
)
\Gread@gobject=\count92
))
\Gin@req@height=\dimen106
\Gin@req@width=\dimen107
)
\epsfxsize=\dimen108
\epsfysize=\dimen109
)
(./rotating.sty
Package: rotating 1995/08/22 2.10 Rotation package
\r@tfl@t=\count93
\rot@float@box=\box29
) (./eufrak.sty
Package: eufrak 1997/05/15 v2.2d Euler Fraktur fonts
LaTeX Font Info:    Overwriting math alphabet `\EuFrak' in version `bold'
(Font)                  U/euf/m/n --> U/euf/b/n on input line 52.
) (./listofsymbols.sty
Package: listofsymbols 

(/usr/share/texlive/texmf-dist/tex/latex/tools/calc.sty
Package: calc 2007/08/22 v4.3 Infix arithmetic (KKT,FJ)
\calc@Acount=\count94
\calc@Bcount=\count95
\calc@Adimen=\dimen110
\calc@Bdimen=\dimen111
\calc@Askip=\skip45
\calc@Bskip=\skip46
LaTeX Info: Redefining \setlength on input line 76.
LaTeX Info: Redefining \addtolength on input line 77.
\calc@Ccount=\count96
\calc@Cskip=\skip47
)
\symwidth=\skip48
\sympagenowidth=\skip49

(/usr/share/texlive/texmf-dist/tex/latex/tools/xspace.sty
Package: xspace 2009/10/20 v1.13 Space after command names (DPC,MH)
)
\old@parskip=\skip50
\old@parindent=\skip51
)
(/usr/share/texlive/texmf-dist/tex/latex/algorithms/algorithm.sty
Package: algorithm 2009/08/24 v0.1 Document Style `algorithm' - floating enviro
nment

(/usr/share/texlive/texmf-dist/tex/latex/float/float.sty
Package: float 2001/11/08 v1.3d Float enhancements (AL)
\c@float@type=\count97
\float@exts=\toks16
\float@box=\box30
\@float@everytoks=\toks17
\@floatcapt=\box31
)
\@float@every@algorithm=\toks18
\c@algorithm=\count98
)
(/usr/share/texlive/texmf-dist/tex/latex/algorithms/algorithmic.sty
Package: algorithmic 2009/08/24 v0.1 Document Style `algorithmic'
\c@ALC@unique=\count99
\c@ALC@line=\count100
\c@ALC@rem=\count101
\c@ALC@depth=\count102
\ALC@tlm=\skip52
\algorithmicindent=\skip53
)
(/usr/share/texlive/texmf-dist/tex/latex/morefloats/morefloats.sty
Package: morefloats 2012/01/28 v1.0f Raise limit of unprocessed floats (HMM; DH
)

(/usr/share/texlive/texmf-dist/tex/latex/oberdiek/kvoptions.sty
Package: kvoptions 2011/06/30 v3.11 Key value format for package options (HO)

(/usr/share/texlive/texmf-dist/tex/generic/oberdiek/kvsetkeys.sty
Package: kvsetkeys 2012/04/25 v1.16 Key value parser (HO)

(/usr/share/texlive/texmf-dist/tex/generic/oberdiek/etexcmds.sty
Package: etexcmds 2011/02/16 v1.5 Avoid name clashes with e-TeX commands (HO)

(/usr/share/texlive/texmf-dist/tex/generic/oberdiek/ifluatex.sty
Package: ifluatex 2010/03/01 v1.3 Provides the ifluatex switch (HO)
Package ifluatex Info: LuaTeX not detected.
)
Package etexcmds Info: Could not find \expanded.
(etexcmds)             That can mean that you are not using pdfTeX 1.50 or
(etexcmds)             that some package has redefined \expanded.
(etexcmds)             In the latter case, load this package earlier.
)))
Package morefloats Info: Maximum number of possible floats asked for: 36.
(morefloats)             LaTeX might run out of memory before this
(morefloats)             (in which case it will notify you).
(morefloats)              on input line 171.
\bx@S=\insert233
\bx@T=\insert232
\bx@U=\insert231
\bx@V=\insert230
\bx@W=\insert229
\bx@X=\insert228
\bx@Y=\insert227
\bx@Z=\insert226
\bx@AA=\insert225
\bx@AB=\insert224
\bx@AC=\insert223
\bx@AD=\insert222
\bx@AE=\insert221
\bx@AF=\insert220
\bx@AG=\insert219
\bx@AH=\insert218
\bx@AI=\insert217
\bx@AJ=\insert216
)
Putting page number on short ToC
Putting page number on short LoS
No LoS printed
Putting page number on short LoF
Putting page number on short LoT
Putting page number on short LoA
No LoA printed
(./Mythesis_Btech.aux

LaTeX Warning: Label `chap3' multiply defined.


LaTeX Warning: Label `fig_1' multiply defined.


LaTeX Warning: Label `fig_1' multiply defined.

)
\openout1 = `Mythesis_Btech.aux'.

LaTeX Font Info:    Checking defaults for OML/cmm/m/it on input line 86.
LaTeX Font Info:    ... okay on input line 86.
LaTeX Font Info:    Checking defaults for T1/cmr/m/n on input line 86.
LaTeX Font Info:    ... okay on input line 86.
LaTeX Font Info:    Checking defaults for OT1/cmr/m/n on input line 86.
LaTeX Font Info:    ... okay on input line 86.
LaTeX Font Info:    Checking defaults for OMS/cmsy/m/n on input line 86.
LaTeX Font Info:    ... okay on input line 86.
LaTeX Font Info:    Checking defaults for OMX/cmex/m/n on input line 86.
LaTeX Font Info:    ... okay on input line 86.
LaTeX Font Info:    Checking defaults for U/cmr/m/n on input line 86.
LaTeX Font Info:    ... okay on input line 86.
 (/usr/share/texlive/texmf-dist/tex/context/base/supp-pdf.mkii
[Loading MPS to PDF converter (version 2006.09.02).]
\scratchcounter=\count103
\scratchdimen=\dimen112
\scratchbox=\box32
\nofMPsegments=\count104
\nofMParguments=\count105
\everyMPshowfont=\toks19
\MPscratchCnt=\count106
\MPscratchDim=\dimen113
\MPnumerator=\count107
\makeMPintoPDFobject=\count108
\everyMPtoPDFconversion=\toks20
) (/usr/share/texlive/texmf-dist/tex/generic/oberdiek/pdftexcmds.sty
Package: pdftexcmds 2011/11/29 v0.20 Utility functions of pdfTeX for LuaTeX (HO
)

(/usr/share/texlive/texmf-dist/tex/generic/oberdiek/ifpdf.sty
Package: ifpdf 2011/01/30 v2.3 Provides the ifpdf switch (HO)
Package ifpdf Info: pdfTeX in PDF mode is detected.
)
Package pdftexcmds Info: LuaTeX not detected.
Package pdftexcmds Info: \pdf@primitive is available.
Package pdftexcmds Info: \pdf@ifprimitive is available.
Package pdftexcmds Info: \pdfdraftmode found.
)
(/usr/share/texlive/texmf-dist/tex/latex/oberdiek/epstopdf-base.sty
Package: epstopdf-base 2010/02/09 v2.5 Base part for package epstopdf

(/usr/share/texlive/texmf-dist/tex/latex/oberdiek/grfext.sty
Package: grfext 2010/08/19 v1.1 Manage graphics extensions (HO)

(/usr/share/texlive/texmf-dist/tex/generic/oberdiek/kvdefinekeys.sty
Package: kvdefinekeys 2011/04/07 v1.3 Define keys (HO)
))
Package grfext Info: Graphics extension search list:
(grfext)             [.png,.pdf,.jpg,.mps,.jpeg,.jbig2,.jb2,.PNG,.PDF,.JPG,.JPE
G,.JBIG2,.JB2,.eps]
(grfext)             \AppendGraphicsExtensions on input line 452.

(/usr/share/texlive/texmf-dist/tex/latex/latexconfig/epstopdf-sys.cfg
File: epstopdf-sys.cfg 2010/07/13 v1.3 Configuration of (r)epstopdf for TeX Liv
e
))
Making Title Page
<figures/nitclogo.pdf, id=1, 73.27374pt x 86.3225pt>
File: figures/nitclogo.pdf Graphic file (type pdf)

<use figures/nitclogo.pdf>
Package pdftex.def Info: figures/nitclogo.pdf used on input line 86.
(pdftex.def)             Requested size: 85.35826pt x 100.55827pt.

Making Acknowledgement Page
[1


{/var/lib/texmf/fonts/map/pdftex/updmap/pdftex.map} <./figures/nitclogo.pdf>]
centered
Making Dedication Page

Overfull \vbox (7.96431pt too high) has occurred while \output is active []


[2


]
Underfull \hbox (badness 10000) in paragraph at lines 86--86

 []


Underfull \hbox (badness 10000) in paragraph at lines 86--86

 []


Underfull \hbox (badness 10000) in paragraph at lines 86--86

 []


Underfull \hbox (badness 10000) in paragraph at lines 86--86

 []

Making Approval Page

Overfull \hbox (97.14171pt too wide) in paragraph at lines 86--86
[][] []
 []

[3

]
Overfull \hbox (15.06522pt too wide) in paragraph at lines 86--86
\OT1/cmr/bx/n/12 KRUTHIKA SURESH VED B110300CS \OT1/cmr/m/it/12 ,  \OT1/cmr/bx/
n/12 SIKHA V MANOJ B110572CS\OT1/cmr/m/it/12 ,
 []


Underfull \hbox (badness 10000) in paragraph at lines 86--86

 []

Making ToC Page
Making Short ToC...
[4

]
centered
Short Chapter (page numbered)
(./Mythesis_Btech.toc
LaTeX Font Info:    External font `cmex10' loaded for size
(Font)              <12> on input line 6.
LaTeX Font Info:    External font `cmex10' loaded for size
(Font)              <8> on input line 6.
LaTeX Font Info:    External font `cmex10' loaded for size
(Font)              <6> on input line 6.
LaTeX Font Info:    Try loading font information for U+lasy on input line 6.
 (/usr/share/texlive/texmf-dist/tex/latex/base/ulasy.fd
File: ulasy.fd 1998/08/17 v2.2e LaTeX symbol font definitions
)
Overfull \vbox (5.16667pt too high) has occurred while \output is active []


[5

]
Overfull \vbox (7.96431pt too high) has occurred while \output is active []


[6])
\tf@toc=\write3
\openout3 = `Mythesis_Btech.toc'.


Making Abstract Page

Overfull \vbox (7.96431pt too high) has occurred while \output is active []


[7]
centered
Short Chapter (page numbered)
Making LoF Page
Making Short LoF...

Overfull \vbox (7.96431pt too high) has occurred while \output is active []


[8


]
centered
Short Chapter (page numbered)
(./Mythesis_Btech.lof)
\tf@lof=\write4
\openout4 = `Mythesis_Btech.lof'.


Making LoA Page
Skipping LoA...


-------------------Beginning Body----------------------



Overfull \vbox (7.96431pt too high) has occurred while \output is active []


[9

] (./macros.tex
\c@th@theorem=\count109
) (./ch1.tex
 \th@ChapterStyle\th@DoChapCenterChapter \th@ChapterStyle 1.
centered
LaTeX Font Info:    Try loading font information for OMS+cmr on input line 6.
(/usr/share/texlive/texmf-dist/tex/latex/base/omscmr.fd
File: omscmr.fd 1999/05/25 v2.5h Standard LaTeX font definitions
)
LaTeX Font Info:    Font shape `OMS/cmr/m/n' in size <12> not available
(Font)              Font shape `OMS/cmsy/m/n' tried instead on input line 6.
) (./lit_survey.tex
[1


]
 \th@ChapterStyle\th@DoChapCenterChapter \th@ChapterStyle 2.
centered

Overfull \hbox (0.59918pt too wide) in paragraph at lines 4--5
[]\OT1/cmr/m/n/12 There are sev-eral in-struc-tional op-er-at-ing sys-tems avai
l-able like Na-chos, Topsy
 []


Underfull \hbox (badness 10000) in paragraph at lines 4--5

 []


Underfull \hbox (badness 10000) in paragraph at lines 6--7

 []


Overfull \hbox (14.09966pt too wide) in paragraph at lines 8--9
\OT1/cmr/m/n/12 achieve mu-tual ex-clu-sion. Syn-chro-niza-tion fa-cil-i-ties a
re pro-vided through semaphores.
 []


Underfull \hbox (badness 10000) in paragraph at lines 8--9

 []

[2

]
Underfull \hbox (badness 10000) in paragraph at lines 10--11

 []

) (./ch2.tex
Overfull \vbox (7.73332pt too high) has occurred while \output is active []


[3]
 \th@ChapterStyle\th@DoChapCenterChapter \th@ChapterStyle 3.
centered

Underfull \hbox (badness 10000) in paragraph at lines 4--7

 []


Underfull \hbox (badness 10000) in paragraph at lines 8--10

 []

[4

]) (./ch3.tex
Overfull \vbox (7.73332pt too high) has occurred while \output is active []


[5]
 \th@ChapterStyle\th@DoChapCenterChapter \th@ChapterStyle 4.
centered
[6

] <figures/root_entry.jpg, id=59, 698.61pt x 137.51375pt>
File: figures/root_entry.jpg Graphic file (type jpg)

<use figures/root_entry.jpg>
Package pdftex.def Info: figures/root_entry.jpg used on input line 20.
(pdftex.def)             Requested size: 349.30414pt x 68.7567pt.

Overfull \vbox (7.73332pt too high) has occurred while \output is active []


[7 <./figures/root_entry.jpg>]) (./ch4.tex
Overfull \vbox (7.73332pt too high) has occurred while \output is active []


[8]
Overfull \vbox (7.73332pt too high) has occurred while \output is active []


[9]
 \th@ChapterStyle\th@DoChapCenterChapter \th@ChapterStyle 5.
centered
<figures/process_model.png, id=69, 167.57607pt x 166.221pt>
File: figures/process_model.png Graphic file (type png)

<use figures/process_model.png>
Package pdftex.def Info: figures/process_model.png used on input line 10.
(pdftex.def)             Requested size: 125.68172pt x 124.66542pt.
 [10

 <./figures/process_model.png>]
Overfull \vbox (7.73332pt too high) has occurred while \output is active []


[11]
Overfull \vbox (7.73332pt too high) has occurred while \output is active []


[12]
Overfull \hbox (5.85608pt too wide) in paragraph at lines 40--41
[]\OT1/cmr/m/n/12 The Exit sys-tem call ter-mi-nates a pro-cess af-ter clos-ing
 all files and semaphores.
 []

) (./ch5.tex
Overfull \vbox (7.73332pt too high) has occurred while \output is active []


[13]
 \th@ChapterStyle\th@DoChapCenterChapter \th@ChapterStyle 6.
centered
[14

]) (./ch6.tex
Overfull \vbox (7.73332pt too high) has occurred while \output is active []


[15]
 \th@ChapterStyle\th@DoChapCenterChapter \th@ChapterStyle 7.
centered
[16

]
Overfull \vbox (7.73332pt too high) has occurred while \output is active []


[17]) (./ch7.tex
Overfull \vbox (7.73332pt too high) has occurred while \output is active []


[18]
Overfull \vbox (7.73332pt too high) has occurred while \output is active []


[19]
 \th@ChapterStyle\th@DoChapCenterChapter \th@ChapterStyle 8.
centered
Missing character: There is no ‚ in font cmr12!
Missing character: There is no Ä in font cmr12!
Missing character: There is no ú in font cmr12!
Missing character: There is no ‚ in font cmr12!
Missing character: There is no Ä in font cmr12!
Missing character: There is no ù in font cmr12!
[20

]
Overfull \vbox (7.73332pt too high) has occurred while \output is active []


[21]
Overfull \vbox (7.73332pt too high) has occurred while \output is active []


[22]
Overfull \vbox (7.73332pt too high) has occurred while \output is active []


[23]
Overfull \vbox (7.73332pt too high) has occurred while \output is active []


[24]) (./ch8.tex
Overfull \vbox (7.73332pt too high) has occurred while \output is active []


[25]
 \th@ChapterStyle\th@DoChapCenterChapter \th@ChapterStyle 9.
centered
<figures/INODE.png, id=121, 890.5772pt x 37.64063pt>
File: figures/INODE.png Graphic file (type png)
 <use figures/INODE.png>
Package pdftex.def Info: figures/INODE.png used on input line 15.
(pdftex.def)             Requested size: 489.81897pt x 20.7024pt.

Overfull \hbox (70.65276pt too wide) in paragraph at lines 15--16
 [][] 
 []

[26

 <./figures/INODE.png>]
<figures/ROOT.png, id=125, 889.07156pt x 38.39343pt>
File: figures/ROOT.png Graphic file (type png)
 <use figures/ROOT.png>
Package pdftex.def Info: figures/ROOT.png used on input line 40.
(pdftex.def)             Requested size: 488.99088pt x 21.11644pt.

Overfull \hbox (69.82466pt too wide) in paragraph at lines 40--41
 [][] 
 []

<figures/pt.png, id=126, 886.81313pt x 52.69687pt>
File: figures/pt.png Graphic file (type png)
 <use figures/pt.png>
Package pdftex.def Info: figures/pt.png used on input line 63.
(pdftex.def)             Requested size: 487.74873pt x 28.98335pt.

Overfull \hbox (68.58252pt too wide) in paragraph at lines 63--64
 [][] 
 []


Overfull \vbox (7.73332pt too high) has occurred while \output is active []


[27 <./figures/ROOT.png>]
Overfull \vbox (7.73332pt too high) has occurred while \output is active []


[28 <./figures/pt.png>]
Underfull \hbox (badness 10000) in paragraph at lines 87--89

 []


Overfull \hbox (43.38107pt too wide) in paragraph at lines 92--93
[]\OT1/cmr/m/n/12 (READY,[]): The pro-cess is ready to be sched-uled. (WAIT[]PR
OCESS,WAIT[]PID):
 []


Overfull \vbox (7.73332pt too high) has occurred while \output is active []


[29]
Overfull \vbox (7.73332pt too high) has occurred while \output is active []


[30] <figures/ms.png, id=140, 862.72313pt x 37.64063pt>
File: figures/ms.png Graphic file (type png)
 <use figures/ms.png>
Package pdftex.def Info: figures/ms.png used on input line 113.
(pdftex.def)             Requested size: 474.49919pt x 20.7024pt.

Overfull \hbox (55.33298pt too wide) in paragraph at lines 113--114
 [][] 
 []

<figures/prt.png, id=141, 864.22874pt x 37.64063pt>
File: figures/prt.png Graphic file (type png)
 <use figures/prt.png>
Package pdftex.def Info: figures/prt.png used on input line 136.
(pdftex.def)             Requested size: 475.32727pt x 20.7024pt.

Overfull \hbox (56.16106pt too wide) in paragraph at lines 136--137
 [][] 
 []


Underfull \hbox (badness 10000) in paragraph at lines 140--142

 []


Overfull \vbox (7.73332pt too high) has occurred while \output is active []


[31 <./figures/ms.png>] <figures/pgt.png, id=145, 861.9703pt x 36.135pt>
File: figures/pgt.png Graphic file (type png)

<use figures/pgt.png>
Package pdftex.def Info: figures/pgt.png used on input line 149.
(pdftex.def)             Requested size: 474.08513pt x 19.8743pt.

Overfull \hbox (54.91891pt too wide) in paragraph at lines 149--150
 [][] 
 []


Overfull \vbox (7.73332pt too high) has occurred while \output is active []


[32 <./figures/prt.png> <./figures/pgt.png>]
<figures/ft.png, id=149, 885.3075pt x 36.88782pt>
File: figures/ft.png Graphic file (type png)
 <use figures/ft.png>
Package pdftex.def Info: figures/ft.png used on input line 167.
(pdftex.def)             Requested size: 486.92062pt x 20.28835pt.

Overfull \hbox (67.75441pt too wide) in paragraph at lines 167--168
 [][] 
 []


Overfull \vbox (7.73332pt too high) has occurred while \output is active []


[33 <./figures/ft.png>] <figures/st.png, id=153, 884.55469pt x 34.62938pt>
File: figures/st.png Graphic file (type png)

<use figures/st.png>
Package pdftex.def Info: figures/st.png used on input line 188.
(pdftex.def)             Requested size: 486.50659pt x 19.0462pt.

Overfull \hbox (67.34038pt too wide) in paragraph at lines 188--189
 [][] 
 []

<figures/bt.png, id=154, 887.56593pt x 34.62938pt>
File: figures/bt.png Graphic file (type png)
 <use figures/bt.png>
Package pdftex.def Info: figures/bt.png used on input line 208.
(pdftex.def)             Requested size: 488.16277pt x 19.0462pt.

Overfull \hbox (68.99655pt too wide) in paragraph at lines 208--209
 [][] 
 []


Overfull \vbox (7.73332pt too high) has occurred while \output is active []


[34 <./figures/st.png>] <figures/ds.png, id=159, 886.06032pt x 35.38219pt>
File: figures/ds.png Graphic file (type png)

<use figures/ds.png>
Package pdftex.def Info: figures/ds.png used on input line 226.
(pdftex.def)             Requested size: 487.33469pt x 19.46025pt.

Overfull \hbox (68.16847pt too wide) in paragraph at lines 226--227
 [][] 
 []


Overfull \vbox (7.73332pt too high) has occurred while \output is active []


[35 <./figures/bt.png> <./figures/ds.png>]
File: figures/st.png Graphic file (type png)
 <use figures/st.png>
Package pdftex.def Info: figures/st.png used on input line 248.
(pdftex.def)             Requested size: 486.50659pt x 19.0462pt.

Overfull \hbox (67.34038pt too wide) in paragraph at lines 248--249
 [][] 
 []


Overfull \hbox (26.29404pt too wide) in paragraph at lines 254--255
[]\OT1/cmr/m/n/12 SWAPPED[]COUNT (1 word)- spec-i-fies the num-ber of pro-cesse
s in (SWAPPED,
 []


Overfull \vbox (7.73332pt too high) has occurred while \output is active []


[36] <figures/ts.png, id=166, 887.56593pt x 37.64063pt>
File: figures/ts.png Graphic file (type png)
 <use figures/ts.png>
Package pdftex.def Info: figures/ts.png used on input line 265.
(pdftex.def)             Requested size: 488.16277pt x 20.7024pt.

Overfull \hbox (68.99655pt too wide) in paragraph at lines 265--266
 [][] 
 []


Overfull \vbox (7.73332pt too high) has occurred while \output is active []


[37 <./figures/ts.png>]) (./ch9.tex
Overfull \vbox (7.73332pt too high) has occurred while \output is active []


[38]
 \th@ChapterStyle\th@DoChapCenterChapter \th@ChapterStyle 10.
centered

Underfull \hbox (badness 1997) in paragraph at lines 153--154
[] []\OT1/cmr/m/n/12 Change the lseek value in the Per-Process Re-source Ta-ble
 en-try to
 []


Underfull \hbox (badness 10000) in paragraph at lines 453--454
[] []\OT1/cmr/m/n/12 If there are no free pages in the mem-ory, then in-cre-men
t the
 []


! LaTeX Error: Something's wrong--perhaps a missing \item.

See the LaTeX manual or LaTeX Companion for explanation.
Type  H <return>  for immediate help.
 ...                                              
                                                  
l.540 \ENDWHILE
               
? R\
OK, entering \nonstopmode...
) (./ch10.tex [39

]
Overfull \vbox (7.73332pt too high) has occurred while \output is active []


[40]
Overfull \vbox (7.73332pt too high) has occurred while \output is active []


[41]
Overfull \vbox (7.73332pt too high) has occurred while \output is active []


[42]
Overfull \vbox (7.73332pt too high) has occurred while \output is active []


[43]
Overfull \vbox (7.73332pt too high) has occurred while \output is active []


[44]
Overfull \vbox (7.73332pt too high) has occurred while \output is active []


[45]
Overfull \vbox (7.73332pt too high) has occurred while \output is active []


[46]
Overfull \vbox (7.73332pt too high) has occurred while \output is active []


[47]
Overfull \vbox (7.73332pt too high) has occurred while \output is active []


[48]
Overfull \vbox (7.73332pt too high) has occurred while \output is active []


[49]
 \th@ChapterStyle\th@DoChapCenterChapter \th@ChapterStyle 11.
centered

Overfull \hbox (6.25494pt too wide) in paragraph at lines 10--11
[]\OT1/cmr/m/n/12 Webpage for Project eX-pOS was cre-ated. $\OML/cmm/m/it/12 ht
tp \OT1/cmr/m/n/12 : \OML/cmm/m/it/12 ==exposnitc:github:io=$ 
 []

[50

]
 \th@ChapterStyle\th@DoChapCenterChapter \th@ChapterStyle 12.
centered
[51

]
 \th@ChapterStyle\th@DoChapCenterChapter \th@ChapterStyle 13.
centered
) (./Mythesis_Btech.bbl [52

]
centered

LaTeX Warning: Empty `thebibliography' environment on input line 3.

) (./appB.tex [53

]
 \th@ChapterStyle\th@DoChapCenterAppendix \th@ChapterStyle A.
centered
<figures/state.png, id=223, 607.97137pt x 397.485pt>
File: figures/state.png Graphic file (type png)
 <use figures/state.png>
Package pdftex.def Info: figures/state.png used on input line 8.
(pdftex.def)             Requested size: 425.57706pt x 278.2376pt.

Overfull \hbox (6.41084pt too wide) in paragraph at lines 8--9
 [][] 
 []


Underfull \hbox (badness 10000) in paragraph at lines 13--15

 []


Underfull \hbox (badness 10000) in paragraph at lines 16--19

 []

[54

 <./figures/state.png>]
Overfull \hbox (14.41245pt too wide) in paragraph at lines 20--25
\OT1/cmr/m/n/12 RUNNING $\OMS/cmsy/m/n/12 !$ \OT1/cmr/m/n/12 WAIT[]FILE : The f
ile which the pro-cess is try-ing to read/write,
 []


Underfull \hbox (badness 10000) in paragraph at lines 20--25

 []


Underfull \hbox (badness 10000) in paragraph at lines 26--28

 []


Underfull \hbox (badness 10000) in paragraph at lines 29--31

 []


Underfull \hbox (badness 10000) in paragraph at lines 32--37

 []


Overfull \vbox (7.73332pt too high) has occurred while \output is active []


[55]
Underfull \hbox (badness 10000) in paragraph at lines 38--40

 []


Underfull \hbox (badness 10000) in paragraph at lines 41--44

 []


Underfull \hbox (badness 10000) in paragraph at lines 46--48

 []


Underfull \hbox (badness 10000) in paragraph at lines 49--51

 []


Underfull \hbox (badness 10000) in paragraph at lines 52--54

 []


Overfull \vbox (7.73332pt too high) has occurred while \output is active []


[56]
Underfull \hbox (badness 10000) in paragraph at lines 55--57

 []


Underfull \hbox (badness 10000) in paragraph at lines 58--60

 []


Underfull \hbox (badness 10000) in paragraph at lines 61--63

 []


Overfull \hbox (0.25385pt too wide) in paragraph at lines 64--66
\OT1/cmr/m/n/12 SWAPPED[]WAIT $\OMS/cmsy/m/n/12 !$ \OT1/cmr/m/n/12 SWAPPED : Th
e pro-cess in SWAPPED[]WAIT state
 []

)

! LaTeX Error: \begin{itemize} on input line 269 ended by \end{document}.

See the LaTeX manual or LaTeX Companion for explanation.
Type  H <return>  for immediate help.
 ...                                              
                                                  
l.125 \end{document}
                    
Your command was ignored.
Type  I <command> <return>  to replace it with another command,
or  <return>  to continue without it.


Overfull \vbox (7.73332pt too high) has occurred while \output is active []


[57] (./Mythesis_Btech.aux)

LaTeX Warning: There were multiply-defined labels.

 )
(\end occurred inside a group at level 1)

### semi simple group (level 1) entered at line 269 (\begingroup)
### bottom level 
Here is how much of TeX's memory you used:
 2639 strings out of 493304
 36670 string characters out of 6139871
 157945 words of memory out of 5000000
 5986 multiletter control sequences out of 15000+600000
 10033 words of font info for 37 fonts, out of 8000000 for 9000
 957 hyphenation exceptions out of 8191
 36i,7n,28p,1012b,703s stack positions out of 5000i,500n,10000p,200000b,80000s
</usr/share/texlive/texmf-dist/fonts/type1/public/amsfonts/cm/c
mbx12.pfb></usr/share/texlive/texmf-dist/fonts/type1/public/amsfonts/cm/cmmi12.
pfb></usr/share/texlive/texmf-dist/fonts/type1/public/amsfonts/cm/cmr10.pfb></u
sr/share/texlive/texmf-dist/fonts/type1/public/amsfonts/cm/cmr12.pfb></usr/shar
e/texlive/texmf-dist/fonts/type1/public/amsfonts/cm/cmsy10.pfb></usr/share/texl
ive/texmf-dist/fonts/type1/public/amsfonts/cm/cmti12.pfb>
Output written on Mythesis_Btech.pdf (66 pages, 294666 bytes).
PDF statistics:
 259 PDF objects out of 1000 (max. 8388607)
 167 compressed objects within 2 object streams
 0 named destinations out of 1000 (max. 500000)
 76 words of extra memory for PDF output out of 10000 (max. 10000000)

