\BOOKMARK [0][-]{chapter.1}{Problem Definition}{}% 1
\BOOKMARK [0][-]{chapter.2}{Literature Survey}{}% 2
\BOOKMARK [0][-]{chapter.3}{Introduction}{}% 3
\BOOKMARK [0][-]{chapter.4}{Experimental File System\(eXpFS\)}{}% 4
\BOOKMARK [1][-]{section.4.1}{Introduction}{chapter.4}% 5
\BOOKMARK [1][-]{section.4.2}{eXpFS File system organization}{chapter.4}% 6
\BOOKMARK [2][-]{subsection.4.2.1}{The eXpFS Root File}{section.4.2}% 7
\BOOKMARK [2][-]{subsection.4.2.2}{eXpFS Data files}{section.4.2}% 8
\BOOKMARK [2][-]{subsection.4.2.3}{eXpFS Executable files}{section.4.2}% 9
\BOOKMARK [0][-]{chapter.5}{Process Model}{}% 10
\BOOKMARK [1][-]{section.5.1}{The Structure of Processes}{chapter.5}% 11
\BOOKMARK [1][-]{section.5.2}{Operations on Processes}{chapter.5}% 12
\BOOKMARK [2][-]{subsection.5.2.1}{Semantics of Exec operation}{section.5.2}% 13
\BOOKMARK [2][-]{subsection.5.2.2}{Semantics of Fork operation}{section.5.2}% 14
\BOOKMARK [2][-]{subsection.5.2.3}{Other Operations}{section.5.2}% 15
\BOOKMARK [1][-]{section.5.3}{Special Processes in eXpOS}{chapter.5}% 16
\BOOKMARK [0][-]{chapter.6}{Synchronization and Access Control}{}% 17
\BOOKMARK [1][-]{section.6.1}{Process Synchronization}{chapter.6}% 18
\BOOKMARK [1][-]{section.6.2}{Access Control}{chapter.6}% 19
\BOOKMARK [0][-]{chapter.7}{Hardware Interrupts and Exception Handlers}{}% 20
\BOOKMARK [1][-]{section.7.1}{Timer interrupt handler}{chapter.7}% 21
\BOOKMARK [1][-]{section.7.2}{Exception handler}{chapter.7}% 22
\BOOKMARK [1][-]{section.7.3}{Disk Controller}{chapter.7}% 23
\BOOKMARK [1][-]{section.7.4}{Terminal and other Device Handlers}{chapter.7}% 24
\BOOKMARK [0][-]{chapter.8}{System Call Interface}{}% 25
\BOOKMARK [1][-]{section.8.1}{File System Calls}{chapter.8}% 26
\BOOKMARK [1][-]{section.8.2}{Process System Calls}{chapter.8}% 27
\BOOKMARK [1][-]{section.8.3}{System calls for access control and synchronization}{chapter.8}% 28
\BOOKMARK [0][-]{chapter.9}{Design of Data Structures}{}% 29
\BOOKMARK [1][-]{section.9.1}{Disk Data Structures}{chapter.9}% 30
\BOOKMARK [2][-]{subsection.9.1.1}{Inode Table}{section.9.1}% 31
\BOOKMARK [2][-]{subsection.9.1.2}{Disk Free List}{section.9.1}% 32
\BOOKMARK [2][-]{subsection.9.1.3}{Root File}{section.9.1}% 33
\BOOKMARK [1][-]{section.9.2}{Memory Data Structures}{chapter.9}% 34
\BOOKMARK [2][-]{subsection.9.2.1}{Process Table}{section.9.2}% 35
\BOOKMARK [2][-]{subsection.9.2.2}{File Table}{section.9.2}% 36
\BOOKMARK [2][-]{subsection.9.2.3}{Semaphore Table}{section.9.2}% 37
\BOOKMARK [2][-]{subsection.9.2.4}{Buffer Table}{section.9.2}% 38
\BOOKMARK [2][-]{subsection.9.2.5}{Disk Status Table}{section.9.2}% 39
\BOOKMARK [2][-]{subsection.9.2.6}{System Status Table}{section.9.2}% 40
\BOOKMARK [2][-]{subsection.9.2.7}{Terminal Status Table}{section.9.2}% 41
\BOOKMARK [2][-]{subsection.9.2.8}{Memory Free List}{section.9.2}% 42
\BOOKMARK [0][-]{chapter.10}{Algorithms Used}{}% 43
\BOOKMARK [0][-]{chapter.11}{Work Done}{}% 44
\BOOKMARK [0][-]{chapter.12}{Future Work}{}% 45
\BOOKMARK [0][-]{chapter.13}{Conclusion}{}% 46
\BOOKMARK [-1][-]{chapter*.5}{ Bibliography}{}% 47
\BOOKMARK [0][-]{appendix.A}{Appendix}{chapter*.5}% 48
\BOOKMARK [1][-]{section.A.1}{State Transition Diagram in eXpOS}{appendix.A}% 49
