This is pdfTeX, Version 3.1415926-2.5-1.40.14 (MiKTeX 2.9) (preloaded format=pdflatex 2015.2.9)  20 APR 2015 12:22
entering extended mode
**C:/Btech_project/MTECHTHESIS/see.tex
(C:/Btech_project/MTECHTHESIS/see.tex
LaTeX2e <2011/06/27>
Babel <v3.8m> and hyphenation patterns for english, afrikaans, ancientgreek, ar
abic, armenian, assamese, basque, bengali, bokmal, bulgarian, catalan, coptic, 
croatian, czech, danish, dutch, esperanto, estonian, farsi, finnish, french, ga
lician, german, german-x-2013-05-26, greek, gujarati, hindi, hungarian, iceland
ic, indonesian, interlingua, irish, italian, kannada, kurmanji, latin, latvian,
 lithuanian, malayalam, marathi, mongolian, mongolianlmc, monogreek, ngerman, n
german-x-2013-05-26, nynorsk, oriya, panjabi, pinyin, polish, portuguese, roman
ian, russian, sanskrit, serbian, slovak, slovenian, spanish, swedish, swissgerm
an, tamil, telugu, turkish, turkmen, ukenglish, ukrainian, uppersorbian, usengl
ishmax, welsh, loaded.
(C:\Btech_project\MTECHTHESIS\thesis.cls
Document Class: thesis 2000/11/03

--------------------------------------------------------------
 +---+ Thesis Style (thesis.cls) version 1.09, November 2000
 +---+ for University of Colorado Ph.D. theses/dissertations.
 * Conforms to the University of Colorado at Boulder Graduate
 * School "SPECIFICATIONS for Preparation of Master's Thesis
 * and Doctoral Dissertations" (rev. February 2000).
--------------------------------------------------------------
 URL: http://www.Colorado.EDU/ITS/docs/latex/ThesisClass

("C:\Program Files (x86)\MiKTeX 2.9\tex\latex\base\report.cls"
Document Class: report 2007/10/19 v1.4h Standard LaTeX document class
("C:\Program Files (x86)\MiKTeX 2.9\tex\latex\base\size12.clo"
File: size12.clo 2007/10/19 v1.4h Standard LaTeX file (size option)
)
\c@part=\count79
\c@chapter=\count80
\c@section=\count81
\c@subsection=\count82
\c@subsubsection=\count83
\c@paragraph=\count84
\c@subparagraph=\count85
\c@figure=\count86
\c@table=\count87
\abovecaptionskip=\skip41
\belowcaptionskip=\skip42
\bibindent=\dimen102
)
("C:\Program Files (x86)\MiKTeX 2.9\tex\latex\tools\indentfirst.sty"
Package: indentfirst 1995/11/23 v1.03 Indent first paragraph (DPC)
)
("C:\Program Files (x86)\MiKTeX 2.9\tex\latex\base\ifthen.sty"
Package: ifthen 2001/05/26 v1.1c Standard LaTeX ifthen package (DPC)
)
("C:\Program Files (x86)\MiKTeX 2.9\tex\latex\ulem\ulem.sty"
\UL@box=\box26
\UL@hyphenbox=\box27
\UL@skip=\skip43
\UL@hook=\toks14
\UL@height=\dimen103
\UL@pe=\count88
\UL@pixel=\dimen104
\ULC@box=\box28
Package: ulem 2012/05/18
\ULdepth=\dimen105
)
\c@th@SecNum=\count89
\c@th@SectionSave=\count90
\th@SubSubSecSpc=\skip44
\c@th@storepage=\count91
)
("C:\Program Files (x86)\MiKTeX 2.9\tex\latex\base\latexsym.sty"
Package: latexsym 1998/08/17 v2.2e Standard LaTeX package (lasy symbols)
\symlasy=\mathgroup4
LaTeX Font Info:    Overwriting symbol font `lasy' in version `bold'
(Font)                  U/lasy/m/n --> U/lasy/b/n on input line 47.
)
("C:\Program Files (x86)\MiKTeX 2.9\tex\latex\graphics\epsfig.sty"
Package: epsfig 1999/02/16 v1.7a (e)psfig emulation (SPQR)

("C:\Program Files (x86)\MiKTeX 2.9\tex\latex\graphics\graphicx.sty"
Package: graphicx 1999/02/16 v1.0f Enhanced LaTeX Graphics (DPC,SPQR)

("C:\Program Files (x86)\MiKTeX 2.9\tex\latex\graphics\keyval.sty"
Package: keyval 1999/03/16 v1.13 key=value parser (DPC)
\KV@toks@=\toks15
)
("C:\Program Files (x86)\MiKTeX 2.9\tex\latex\graphics\graphics.sty"
Package: graphics 2009/02/05 v1.0o Standard LaTeX Graphics (DPC,SPQR)

("C:\Program Files (x86)\MiKTeX 2.9\tex\latex\graphics\trig.sty"
Package: trig 1999/03/16 v1.09 sin cos tan (DPC)
)
("C:\Program Files (x86)\MiKTeX 2.9\tex\latex\00miktex\graphics.cfg"
File: graphics.cfg 2007/01/18 v1.5 graphics configuration of teTeX/TeXLive
)
Package graphics Info: Driver file: pdftex.def on input line 91.

("C:\Program Files (x86)\MiKTeX 2.9\tex\latex\pdftex-def\pdftex.def"
File: pdftex.def 2011/05/27 v0.06d Graphics/color for pdfTeX

("C:\Program Files (x86)\MiKTeX 2.9\tex\generic\oberdiek\infwarerr.sty"
Package: infwarerr 2010/04/08 v1.3 Providing info/warning/error messages (HO)
)
("C:\Program Files (x86)\MiKTeX 2.9\tex\generic\oberdiek\ltxcmds.sty"
Package: ltxcmds 2011/11/09 v1.22 LaTeX kernel commands for general use (HO)
)
\Gread@gobject=\count92
))
\Gin@req@height=\dimen106
\Gin@req@width=\dimen107
)
\epsfxsize=\dimen108
\epsfysize=\dimen109
)
(C:\Btech_project\MTECHTHESIS\rotating.sty
Package: rotating 1995/08/22 2.10 Rotation package
\r@tfl@t=\count93
\rot@float@box=\box29
)
(C:\Btech_project\MTECHTHESIS\eufrak.sty
Package: eufrak 1997/05/15 v2.2d Euler Fraktur fonts
LaTeX Font Info:    Overwriting math alphabet `\EuFrak' in version `bold'
(Font)                  U/euf/m/n --> U/euf/b/n on input line 52.
)
! Too many }'s.
l.53 	}
       
? 
Putting page number on short ToC
Putting page number on short LoF
Putting page number on short LoT
No file see.aux.
LaTeX Font Info:    Checking defaults for OML/cmm/m/it on input line 82.
LaTeX Font Info:    ... okay on input line 82.
LaTeX Font Info:    Checking defaults for T1/cmr/m/n on input line 82.
LaTeX Font Info:    ... okay on input line 82.
LaTeX Font Info:    Checking defaults for OT1/cmr/m/n on input line 82.
LaTeX Font Info:    ... okay on input line 82.
LaTeX Font Info:    Checking defaults for OMS/cmsy/m/n on input line 82.
LaTeX Font Info:    ... okay on input line 82.
LaTeX Font Info:    Checking defaults for OMX/cmex/m/n on input line 82.
LaTeX Font Info:    ... okay on input line 82.
LaTeX Font Info:    Checking defaults for U/cmr/m/n on input line 82.
LaTeX Font Info:    ... okay on input line 82.
("C:\Program Files (x86)\MiKTeX 2.9\tex\context\base\supp-pdf.mkii"
[Loading MPS to PDF converter (version 2006.09.02).]
\scratchcounter=\count94
\scratchdimen=\dimen110
\scratchbox=\box30
\nofMPsegments=\count95
\nofMParguments=\count96
\everyMPshowfont=\toks16
\MPscratchCnt=\count97
\MPscratchDim=\dimen111
\MPnumerator=\count98
\makeMPintoPDFobject=\count99
\everyMPtoPDFconversion=\toks17
)
Making Title Page
LaTeX Font Info:    External font `cmex10' loaded for size
(Font)              <17.28> on input line 82.
LaTeX Font Info:    External font `cmex10' loaded for size
(Font)              <12> on input line 82.
LaTeX Font Info:    Try loading font information for U+lasy on input line 82.
("C:\Program Files (x86)\MiKTeX 2.9\tex\latex\base\ulasy.fd"
File: ulasy.fd 1998/08/17 v2.2e LaTeX symbol font definitions
)
LaTeX Font Info:    Try loading font information for U+euf on input line 82.

("C:\Program Files (x86)\MiKTeX 2.9\tex\latex\amsfonts\ueuf.fd"
File: ueuf.fd 2013/01/14 v3.01 Euler Fraktur
)
<figures/nitclogo.pdf, id=1, 73.27374pt x 86.3225pt>
File: figures/nitclogo.pdf Graphic file (type pdf)

<use figures/nitclogo.pdf>
Package pdftex.def Info: figures/nitclogo.pdf used on input line 82.
(pdftex.def)             Requested size: 85.35826pt x 100.55827pt.

Making Acknowledgement Page
[1


{C:/ProgramData/MiKTeX/2.9/pdftex/config/pdftex.map} <C:/Btech_project/MTECHTHE
SIS/figures/nitclogo.pdf>]
centered
Making Dedication Page

Overfull \hbox (101.87413pt too wide) in paragraph at lines 82--82
[]\OT1/cmr/m/n/12 Your ac-knowl-edge-ments  |  \OT1/cmr/bx/n/12 Your
 []


Overfull \vbox (7.96431pt too high) has occurred while \output is active []


[2


]
Underfull \hbox (badness 10000) in paragraph at lines 82--82

 []


Underfull \hbox (badness 10000) in paragraph at lines 82--82

 []

Making Approval Page

Overfull \hbox (97.14171pt too wide) in paragraph at lines 82--82
[][] []
 []

[3

]
Overfull \hbox (11.38565pt too wide) in paragraph at lines 82--82
\OT1/cmr/m/it/12 This is to cer-tify that the the-sis en-ti-tled: ``\OT1/cmr/bx
/n/12 Your ti-tle here\OT1/cmr/m/it/12 '' sub-mit-ted by Sri/Smt/Ms
 []


Underfull \hbox (badness 10000) in paragraph at lines 82--82

 []

Making ToC Page
Making Short ToC...
[4

]
centered
Short Chapter (page numbered)
No file see.toc.
\tf@toc=\write3
Making Abstract Page

Overfull \vbox (5.16667pt too high) has occurred while \output is active []


[5

]
centered
Short Chapter (page numbered)
Making LoS Page
! Undefined control sequence.
\emptyLoS -> \@makenoLoStrue 
                             \typeout {No LoS printed} 
l.82 \begin{document}
                     
? 
No LoS printed
Skipping Los...
! Undefined control sequence.
\th@MakeThesisPrologue ...ge \listofabbreviations 
                                                  \typeout {Making LoT Page}...
l.82 \begin{document}
                     
? 
Making LoT Page
Making Short LoT...

Overfull \vbox (7.96431pt too high) has occurred while \output is active []


[6


]
centered
Short Chapter (page numbered)
No file see.lot.
\tf@lot=\write4
Making LoF Page
Making Short LoF...

Overfull \vbox (7.96431pt too high) has occurred while \output is active []


[7

]
centered
Short Chapter (page numbered)
No file see.lof.
\tf@lof=\write5
Making LoA Page
! Undefined control sequence.
\th@LoApage ...@THshortChapterfalse \if@makenoLoA 
                                                  \typeout {Skipping LoA...}...
l.82 \begin{document}
                     
? 
Skipping LoA...
! Undefined control sequence.
\th@LoApage ...doublespacing \listofabbreviations 
                                                  } \fi 
l.82 \begin{document}
                     
? 
! Extra \fi.
\th@LoApage ...spacing \listofabbreviations } \fi 
                                                  
l.82 \begin{document}
                     
? 
! Extra \fi.
\th@MakeThesisPrologue ...A Page} \th@LoApage \fi 
                                                  
l.82 \begin{document}
                     
? 


-------------------Beginning Body----------------------



Overfull \vbox (7.96431pt too high) has occurred while \output is active []


[8

] (C:\Btech_project\MTECHTHESIS\macros.tex
\c@th@theorem=\count100
)
(C:\Btech_project\MTECHTHESIS\ch1.tex
 \th@ChapterStyle\th@DoChapCenterChapter \th@ChapterStyle 1.
centered

Underfull \hbox (badness 10000) in paragraph at lines 4--19

 []

[1


]

LaTeX Warning: Citation `pastry' on page 2 undefined on input line 62.


Overfull \vbox (7.73332pt too high) has occurred while \output is active []


[2]
LaTeX Font Info:    External font `cmex10' loaded for size
(Font)              <8> on input line 80.
LaTeX Font Info:    External font `cmex10' loaded for size
(Font)              <6> on input line 80.

Overfull \hbox (64.5488pt too wide) in paragraph at lines 80--101
[][]
 []


Underfull \hbox (badness 10000) in paragraph at lines 80--101

 []


Overfull \vbox (7.73332pt too high) has occurred while \output is active []


[3]

LaTeX Warning: Citation `medym' on page 4 undefined on input line 102.

Missing character: There is no ë in font cmr12!
Missing character: There is no í in font cmr12!

Overfull \hbox (49.85837pt too wide) in paragraph at lines 102--131
[]
 []


Underfull \hbox (badness 10000) in paragraph at lines 102--131

 []


Overfull \vbox (7.73332pt too high) has occurred while \output is active []


[4]

LaTeX Warning: Citation `siena' on page 5 undefined on input line 133.


Overfull \hbox (2.09325pt too wide) in paragraph at lines 132--154
[]\OT1/cmr/m/n/12 SIENA(Scalable In-ter-net Event No-ti-fi-ca-tion Architecture
)[[]]. SIENA's topol-
 []


Overfull \hbox (54.72359pt too wide) in paragraph at lines 132--154
[]
 []


Underfull \hbox (badness 10000) in paragraph at lines 132--154

 []


Overfull \vbox (7.73332pt too high) has occurred while \output is active []


[5]) (C:\Btech_project\MTECHTHESIS\ch2.tex
Overfull \hbox (59.48882pt too wide) in paragraph at lines 155--1
[]
 []


Underfull \hbox (badness 10000) in paragraph at lines 155--1

 []


Overfull \vbox (7.73332pt too high) has occurred while \output is active []


[6]
Overfull \vbox (7.73332pt too high) has occurred while \output is active []


[7]
 \th@ChapterStyle\th@DoChapCenterChapter \th@ChapterStyle 2.
centered
) [8

]
No file see.bbl.
(C:\Btech_project\MTECHTHESIS\appA.tex
Overfull \vbox (7.73332pt too high) has occurred while \output is active []


[9]
 \th@ChapterStyle\th@DoChapCenterAppendix \th@ChapterStyle A.
centered
) [10

] (C:\Btech_project\MTECHTHESIS\see.aux)

LaTeX Warning: There were undefined references.


LaTeX Warning: Label(s) may have changed. Rerun to get cross-references right.

 ) 
Here is how much of TeX's memory you used:
 1731 strings out of 493921
 23348 string characters out of 3144874
 81347 words of memory out of 3000000
 5011 multiletter control sequences out of 15000+200000
 11871 words of font info for 45 fonts, out of 3000000 for 9000
 841 hyphenation exceptions out of 8191
 34i,6n,28p,650b,218s stack positions out of 5000i,500n,10000p,200000b,50000s
<C:/Program Files (x86)/MiKTeX 2.9/fonts/type1/public/amsfonts/cm/cmbx12.pfb>
<C:/Program Files (x86)/MiKTeX 2.9/fonts/type1/public/amsfonts/cm/cmr12.pfb><C:
/Program Files (x86)/MiKTeX 2.9/fonts/type1/public/amsfonts/cm/cmti12.pfb><C:/P
rogram Files (x86)/MiKTeX 2.9/fonts/type1/public/amsfonts/euler/eufm10.pfb>
Output written on see.pdf (18 pages, 121631 bytes).
PDF statistics:
 80 PDF objects out of 1000 (max. 8388607)
 0 named destinations out of 1000 (max. 500000)
 6 words of extra memory for PDF output out of 10000 (max. 10000000)

