This is pdfTeX, Version 3.1415926-2.5-1.40.14 (MiKTeX 2.9) (preloaded format=pdftex 2015.2.11)  23 APR 2015 10:50
entering extended mode
**C:/Btech_project/MTECHTHESIS/thesis.cls
(C:/Btech_project/MTECHTHESIS/thesis.cls
! Undefined control sequence.
l.30 \NeedsTeXFormat
                    {LaTeX2e}[1995/12/01]
? 
! Undefined control sequence.
l.31 \ProvidesClass
                   {thesis}[2000/11/03]  % version 1.09
? 
! Undefined control sequence.
l.33 \typeout
             {}
? 
! Undefined control sequence.
l.34 \typeout
             {--------------------------------------------------------------}
? 
! Undefined control sequence.
l.35 \typeout
             { +---+ Thesis Style (thesis.cls) version 1.09, November 2000}
? 
! Undefined control sequence.
l.36 \typeout
             { +---+ for University of Colorado Ph.D. theses/dissertations.}
? 
! Undefined control sequence.
l.37 \typeout
             { * Conforms to the University of Colorado at Boulder Graduate}
? 
! Undefined control sequence.
l.38 \typeout
             { * School "SPECIFICATIONS for Preparation of Master's Thesis}
? 
! Undefined control sequence.
l.39 \typeout
             { * and Doctoral Dissertations" (rev. February 2000).}
? 
! Undefined control sequence.
l.40 \typeout
             {--------------------------------------------------------------}
? 
! Undefined control sequence.
l.41 \typeout
             { URL: http://www.Colorado.EDU/ITS/docs/latex/ThesisClass}
? 
! Undefined control sequence.
l.42 \typeout
             {}
? 
! Undefined control sequence.
l.47 \DeclareOption
                   {fleqn}{ \PassOptionsToClass{fleqn}{report} }
? 
! Undefined control sequence.
l.47 \DeclareOption{fleqn}{ \PassOptionsToClass
                                               {fleqn}{report} }
? 
! Undefined control sequence.
l.48 \DeclareOption
                   {leqno}{ \PassOptionsToClass{leqno}{report} }
? 
! Undefined control sequence.
l.48 \DeclareOption{leqno}{ \PassOptionsToClass
                                               {leqno}{report} }
? 
! Undefined control sequence.
l.49 \DeclareOption
                   {openbib}{ \PassOptionsToClass{openbib}{report} }
? 
! Undefined control sequence.
l.49 \DeclareOption{openbib}{ \PassOptionsToClass
                                                 {openbib}{report} }
? 
! Undefined control sequence.
l.50 \DeclareOption
                   {draft}{ \PassOptionsToClass{draft}{report} }
? 
! Undefined control sequence.
l.50 \DeclareOption{draft}{ \PassOptionsToClass
                                               {draft}{report} }
? 
! Undefined control sequence.
l.51 \DeclareOption
                   {final}{ \PassOptionsToClass{final}{report} }
? 
! Undefined control sequence.
l.51 \DeclareOption{final}{ \PassOptionsToClass
                                               {final}{report} }
? 
! Undefined control sequence.
l.52 \DeclareOption
                   {openright}{ \PassOptionsToClass{openright}{report} }
? 
! Undefined control sequence.
l.52 ...lareOption{openright}{ \PassOptionsToClass
                                                  {openright}{report} }
? 
! Undefined control sequence.
l.53 \DeclareOption
                   {openany}{ \PassOptionsToClass{openany}{report} }
? 
! Undefined control sequence.
l.53 \DeclareOption{openany}{ \PassOptionsToClass
                                                 {openany}{report} }
? 
! Undefined control sequence.
l.54 \DeclareOption
                   {10pt}{ \PassOptionsToClass{10pt}{report} }
? 
! Undefined control sequence.
l.54 \DeclareOption{10pt}{ \PassOptionsToClass
                                              {10pt}{report} }
? 
! Undefined control sequence.
l.55 \DeclareOption
                   {11pt}{ \PassOptionsToClass{11pt}{report} }
? 
! Undefined control sequence.
l.55 \DeclareOption{11pt}{ \PassOptionsToClass
                                              {11pt}{report} }
? 
! Undefined control sequence.
l.56 \DeclareOption
                   {12pt}{ \PassOptionsToClass{12pt}{report} }
? 
! Undefined control sequence.
l.56 \DeclareOption{12pt}{ \PassOptionsToClass
                                              {12pt}{report} }
? 
! Undefined control sequence.
l.60 \DeclareOption
                   {titlepage}
? 
! Undefined control sequence.
l.61    {\ClassWarning
                      {thesis}{Title page always generated. Option ignored.}}
? 
! Undefined control sequence.
l.62 \DeclareOption
                   {notitlepage}
? 
! Undefined control sequence.
l.63    {\ClassWarning
                      {thesis}{Option 'notitlepage' not available for thesis.}}

? 
! Undefined control sequence.
l.64 \DeclareOption
                   {twoside}
? 
! Undefined control sequence.
l.65    {\ClassWarning
                      {thesis}{Option 'twoside' not available for thesis.}}
? 
! Undefined control sequence.
l.66 \DeclareOption
                   {twocolumn}
? 
! Undefined control sequence.
l.67    {\ClassWarning
                      {thesis}{Option 'twocolumn' not available for thesis.}}
? 
! Undefined control sequence.
l.68 \DeclareOption
                   {landscape}
? 
! Undefined control sequence.
l.69    {\ClassWarning
                      {thesis}{Option 'landscape' not available for thesis.}}
? 
! Undefined control sequence.
l.70 \DeclareOption
                   {legalpaper}
? 
! Undefined control sequence.
l.71    {\ClassWarning
                      {thesis}{Option 'legalpaper' not available for thesis.}}
? 
! Undefined control sequence.
l.72 \DeclareOption
                   {a4paper}
? 
! Undefined control sequence.
l.73    {\ClassWarning
                      {thesis}{Option 'a4paper' not available for this class.}}

? 
! Undefined control sequence.
l.74 \DeclareOption
                   {a5paper}
? 
! Undefined control sequence.
l.75    {\ClassWarning
                      {thesis}{Option 'a5paper' not available for this class.}}

? 
! Undefined control sequence.
l.76 \DeclareOption
                   {executivepaper}
? 
! Undefined control sequence.
l.77    {\ClassWarning
                      {thesis}{Option 'executivepaper' not available.}}
? 
! Undefined control sequence.
l.78 \DeclareOption
                   {b5paper}
? 
! Undefined control sequence.
l.79    {\ClassWarning
                      {thesis}{Option 'b5paper' not available for this class.}}

? 
! Undefined control sequence.
l.80 \DeclareOption
                   {letterpaper}
? 
! Undefined control sequence.
l.81    {\ClassWarning
                      {thesis}{Option 'letterpaper' superfluous. Ignored.}}
? 
! Undefined control sequence.
l.82 \DeclareOption
                   {onecolumn}
? 
! Undefined control sequence.
l.83    {\ClassWarning
                      {thesis}{Option 'onecolumn' superfluous.  Ignored.}}
? 
! Undefined control sequence.
l.84 \DeclareOption
                   {oneside}
? 
! Undefined control sequence.
l.85    {\ClassWarning
                      {thesis}{Option 'oneside' superfluous.  Ignored.}}
? 
! Undefined control sequence.
l.105 \@
        AllHeadingsfalse
? 
! Undefined control sequence.
l.106 \@
        NumberStdHeadingstrue
? 
! Undefined control sequence.
l.107 \@
        PerChptrNumberingtrue
? 
! Undefined control sequence.
l.108 \@
        emphisboldtrue
? 
! Undefined control sequence.
l.109 \@
        boldheadtrue
? 
! Undefined control sequence.
l.110 \@
        fixedHeadSzfalse
? 
! Undefined control sequence.
l.111 \@
        centerChaptertrue
? 
! Undefined control sequence.
l.112 \@
        centerSectionfalse
? 
! Undefined control sequence.
l.113 \@
        inlineSubSubSectionfalse
? 
! Undefined control sequence.
l.114 \@
        numberSubSubSectiontrue
? 
! Undefined control sequence.
l.115 \@
        chapterCapsfalse
? 
! Undefined control sequence.
l.116 \@
        headSizeTwelvePttrue
? 
! Undefined control sequence.
l.117 \DeclareOption
                    {consecutivenumbering}{ \@PerChptrNumberingfalse }
? 
! Undefined control sequence.
l.117 \DeclareOption{consecutivenumbering}{ \@
                                              PerChptrNumberingfalse }
? 
! Undefined control sequence.
l.118 \DeclareOption
                    {inlineh4}{ \@inlineSubSubSectiontrue }
? 
! Undefined control sequence.
l.118 \DeclareOption{inlineh4}{ \@
                                  inlineSubSubSectiontrue }
? 
! Undefined control sequence.
l.119 \DeclareOption
                    {nonumh4}{ \@numberSubSubSectionfalse }
? 
! Undefined control sequence.
l.119 \DeclareOption{nonumh4}{ \@
                                 numberSubSubSectionfalse }
? 
! Undefined control sequence.
l.120 \DeclareOption
                    {centerh1}{ \@centerSectiontrue }
? 
! Undefined control sequence.
l.120 \DeclareOption{centerh1}{ \@
                                  centerSectiontrue }
? 
! Undefined control sequence.
l.121 \DeclareOption
                    {chapleft}{ \@centerSectiontrue }
? 
! Undefined control sequence.
l.121 \DeclareOption{chapleft}{ \@
                                  centerSectiontrue }
? 
! Undefined control sequence.
l.122 \DeclareOption
                    {chapup}{ \@chapterCapstrue }
? 
! Undefined control sequence.
l.122 \DeclareOption{chapup}{ \@
                                chapterCapstrue }
? 
! Undefined control sequence.
l.123 \DeclareOption
                    {emph2underline}{ \@emphisboldfalse }
? 
! Undefined control sequence.
l.123 \DeclareOption{emph2underline}{ \@
                                        emphisboldfalse }
? 
! Undefined control sequence.
l.124 \DeclareOption
                    {plainhead}{ \@boldheadfalse }
? 
! Undefined control sequence.
l.124 \DeclareOption{plainhead}{ \@
                                   boldheadfalse }
? 
! Undefined control sequence.
l.125 \DeclareOption
                    {fixedheadsize}{ \@fixedHeadSztrue }
? 
! Undefined control sequence.
l.125 \DeclareOption{fixedheadsize}{ \@
                                       fixedHeadSztrue }
? 
! Undefined control sequence.
l.126 \DeclareOption
                    {varheadsize}{\@headSizeTwelvePtfalse}% Hidden option.  ...

? 
! Undefined control sequence.
l.126 \DeclareOption{varheadsize}{\@
                                    headSizeTwelvePtfalse}% Hidden option.  ...

? 
! Undefined control sequence.
l.127 \DeclareOption
                    {numberchapteronly}{
? 
! Undefined control sequence.
l.128     \@
            PerChptrNumberingfalse\@NumberStdHeadingsfalse\@AllHeadingsfalse
? 
! Undefined control sequence.
l.128     \@PerChptrNumberingfalse\@
                                    NumberStdHeadingsfalse\@AllHeadingsfalse
? 
! Undefined control sequence.
l.128 ...rNumberingfalse\@NumberStdHeadingsfalse\@
                                                  AllHeadingsfalse
? 
! Undefined control sequence.
l.129     \@
            centerChaptertrue\@centerSectiontrue
? 
! Undefined control sequence.
l.129     \@centerChaptertrue\@
                               centerSectiontrue
? 
! Undefined control sequence.
l.130     \@
            inlineSubSubSectiontrue\@numberSubSubSectionfalse }
? 
! Undefined control sequence.
l.130     \@inlineSubSubSectiontrue\@
                                     numberSubSubSectionfalse }
? 
! Undefined control sequence.
l.131 \DeclareOption
                    {allheadings}{
? 
! Undefined control sequence.
l.132     \@
            PerChptrNumberingtrue\@NumberStdHeadingstrue\@AllHeadingstrue
? 
! Undefined control sequence.
l.132     \@PerChptrNumberingtrue\@
                                   NumberStdHeadingstrue\@AllHeadingstrue
? 
! Undefined control sequence.
l.132 ...ptrNumberingtrue\@NumberStdHeadingstrue\@
                                                  AllHeadingstrue
? 
! Undefined control sequence.
l.133     \@
            centerChaptertrue\@centerSectionfalse
? 
! Undefined control sequence.
l.133     \@centerChaptertrue\@
                               centerSectionfalse
? 
! Undefined control sequence.
l.134     \@
            inlineSubSubSectionfalse\@numberSubSubSectiontrue}
? 
! Undefined control sequence.
l.134     \@inlineSubSubSectionfalse\@
                                      numberSubSubSectiontrue}
? 
! Undefined control sequence.
l.135 \DeclareOption
                    {typewriterstyle}{ \@emphisboldfalse
? 
! Undefined control sequence.
l.135 \DeclareOption{typewriterstyle}{ \@
                                         emphisboldfalse
? 
! Undefined control sequence.
l.136     \@
            PerChptrNumberingfalse\@NumberStdHeadingsfalse\@AllHeadingsfalse
? 
! Undefined control sequence.
l.136     \@PerChptrNumberingfalse\@
                                    NumberStdHeadingsfalse\@AllHeadingsfalse
? 
! Undefined control sequence.
l.136 ...rNumberingfalse\@NumberStdHeadingsfalse\@
                                                  AllHeadingsfalse
? 
! Undefined control sequence.
l.137     \@
            centerChaptertrue\@centerSectiontrue\@chapterCapstrue
? 
! Undefined control sequence.
l.137     \@centerChaptertrue\@
                               centerSectiontrue\@chapterCapstrue
? 
! Undefined control sequence.
l.137     \@centerChaptertrue\@centerSectiontrue\@
                                                  chapterCapstrue
? 
! Undefined control sequence.
l.138     \@
            inlineSubSubSectiontrue\@numberSubSubSectionfalse
? 
! Undefined control sequence.
l.138     \@inlineSubSubSectiontrue\@
                                     numberSubSubSectionfalse
? 
! Undefined control sequence.
l.139     \@
            boldheadfalse\@fixedHeadSztrue}
? 
! Undefined control sequence.
l.139     \@boldheadfalse\@
                           fixedHeadSztrue}
? 
! Undefined control sequence.
l.140 \DeclareOption
                    {modernstyle}{ \@emphisboldtrue
? 
! Undefined control sequence.
l.140 \DeclareOption{modernstyle}{ \@
                                     emphisboldtrue
? 
! Undefined control sequence.
l.141     \@
            PerChptrNumberingtrue\@NumberStdHeadingstrue\@AllHeadingsfalse
? 
! Undefined control sequence.
l.141     \@PerChptrNumberingtrue\@
                                   NumberStdHeadingstrue\@AllHeadingsfalse
? 
! Undefined control sequence.
l.141 ...ptrNumberingtrue\@NumberStdHeadingstrue\@
                                                  AllHeadingsfalse
? 
! Undefined control sequence.
l.142     \@
            centerChaptertrue\@centerSectionfalse\@chapterCapsfalse
? 
! Undefined control sequence.
l.142     \@centerChaptertrue\@
                               centerSectionfalse\@chapterCapsfalse
? 
! Undefined control sequence.
l.142 ...\@centerChaptertrue\@centerSectionfalse\@
                                                  chapterCapsfalse
? 
! Undefined control sequence.
l.143     \@
            inlineSubSubSectiontrue\@numberSubSubSectionfalse
? 
! Undefined control sequence.
l.143     \@inlineSubSubSectiontrue\@
                                     numberSubSubSectionfalse
? 
! Undefined control sequence.
l.144     \@
            boldheadtrue\@fixedHeadSzfalse}
? 
! Undefined control sequence.
l.144     \@boldheadtrue\@
                          fixedHeadSzfalse}
? 
! Undefined control sequence.
l.145 \DeclareOption
                    {defaultstyle}{ \@emphisboldtrue
? 
! Undefined control sequence.
l.145 \DeclareOption{defaultstyle}{ \@
                                      emphisboldtrue
? 
! Undefined control sequence.
l.146     \@
            PerChptrNumberingtrue\@NumberStdHeadingstrue\@AllHeadingsfalse
? 
! Undefined control sequence.
l.146     \@PerChptrNumberingtrue\@
                                   NumberStdHeadingstrue\@AllHeadingsfalse
? 
! Undefined control sequence.
l.146 ...ptrNumberingtrue\@NumberStdHeadingstrue\@
                                                  AllHeadingsfalse
? 
! Undefined control sequence.
l.147     \@
            centerChaptertrue\@centerSectionfalse\@chapterCapsfalse
? 
! Undefined control sequence.
l.147     \@centerChaptertrue\@
                               centerSectionfalse\@chapterCapsfalse
? 
! Undefined control sequence.
l.147 ...\@centerChaptertrue\@centerSectionfalse\@
                                                  chapterCapsfalse
? 
! Undefined control sequence.
l.148     \@
            inlineSubSubSectionfalse\@numberSubSubSectiontrue
? 
! Undefined control sequence.
l.148     \@inlineSubSubSectionfalse\@
                                      numberSubSubSectiontrue
? 
! Undefined control sequence.
l.149     \@
            boldheadtrue\@fixedHeadSzfalse}
? 
! Undefined control sequence.
l.149     \@boldheadtrue\@
                          fixedHeadSzfalse}
? 

Overfull \hbox (17.32938pt too wide) in paragraph at lines 89--150
[]\tenrm @AllHeadings @Num-ber-St-d-Head-ings @Per-Ch-p-tr-Num-ber-ing @em-phis
-bold @bold-head @fixed-HeadSz @head-|

\hbox(6.94444+1.94444)x469.75499, glue set - 1.0
.\hbox(0.0+0.0)x20.0
.\tenrm @
.\tenrm A
.\tenrm l
.\tenrm l
.etc.


Overfull \hbox (34.46805pt too wide) in paragraph at lines 89--150
\tenrm Sub-Sub-Sec-tion-false  cen-terh1 cen-ter-Sec-tion-true  chap-left cen-t
er-Sec-tion-true  cha-pup chap-ter-Cap-strue  emph2underline|

\hbox(6.94444+1.94444)x469.75499, glue set - 1.0
.\tenrm S
.\tenrm u
.\tenrm b
.\discretionary
..\tenrm -
.\tenrm S
.etc.


Overfull \hbox (11.52374pt too wide) in paragraph at lines 89--150
\tenrm falsenum-ber-chap-teronly Per-Ch-p-tr-Num-ber-ing-falseNum-ber-St-d-Head
-ings-falseAll-Head-ings-false cen-ter-Chap-tertrue-|

\hbox(6.94444+1.94444)x469.75499, glue set - 1.0
.\tenrm f
.\tenrm a
.\tenrm l
.\tenrm s
.\tenrm e
.etc.


Overfull \hbox (5.38483pt too wide) in paragraph at lines 89--150
\tenrm eNum-ber-St-d-Head-ingstrueAll-Head-ingstrue cen-ter-Chap-tertrue-cen-te
r-Sec-tion-false in-li-ne-Sub-Sub-Sec-tion-falsenum-|

\hbox(6.94444+1.94444)x469.75499, glue set - 1.0
.\tenrm e
.\tenrm N
.\tenrm u
.\discretionary replacing 2
..\tenrm m
..\tenrm -
.\tenrm m
.etc.


Overfull \hbox (2.6071pt too wide) in paragraph at lines 89--150
\tenrm ber-Sub-Sub-Sec-tion-true type-writ-er-style em-phis-bold-false Per-Ch-p
-tr-Num-ber-ing-falseNum-ber-St-d-Head-ings-falseAll-|

\hbox(6.94444+1.94444)x469.75499, glue set - 1.0
.\tenrm b
.\kern0.27779
.\tenrm e
.\tenrm r
.\discretionary
..\tenrm -
.etc.


Overfull \hbox (5.77368pt too wide) in paragraph at lines 89--150
\tenrm d-Head-ingstrueAll-Head-ings-false cen-ter-Chap-tertrue-cen-ter-Sec-tion
-falsechap-ter-Caps-false in-li-ne-Sub-Sub-Sec-tion-tru-|

\hbox(6.94444+1.94444)x469.75499, glue set - 1.0
.\tenrm d
.\discretionary
..\tenrm -
.\tenrm H
.\tenrm e
.\tenrm a
.etc.

! Undefined control sequence.
l.156 \ProcessOptions
                     
? 
! Undefined control sequence.
l.157 \LoadClass
                [letterpaper,oneside,onecolumn]{report}[1996/10/31]
? 
! Undefined control sequence.
l.162 \RequirePackage
                     {indentfirst}        % indentfirst.sty, 1995/11/23
? 
! Undefined control sequence.
l.163 \RequirePackage
                     {ifthen}         % ifthen.sty, 1996/08/02
? 
! Undefined control sequence.
l.164 \RequirePackage
                     [ULforem,normalbf]{ulem} % ulem.sty, 1995/12/17
? 
! Undefined control sequence.
l.170 \newcommand
                 *{\th@DefArg}{aWfdRvV11f66GL00K5}
? 
! Undefined control sequence.
l.170 \newcommand*{\th
                      @DefArg}{aWfdRvV11f66GL00K5}
? 
! Undefined control sequence.
l.176 \newcommand
                 {\th@ExecChkOptArg}[3]{
? 
! Undefined control sequence.
l.176 \newcommand{\th
                     @ExecChkOptArg}[3]{
? 
! Undefined control sequence.
l.177 \ifthenelse
                 {\equal{\th@DefArg}{#2}}{
? 
! Undefined control sequence.
l.177 \ifthenelse{\equal
                        {\th@DefArg}{#2}}{
? 
! Undefined control sequence.
l.177 \ifthenelse{\equal{\th
                            @DefArg}{#2}}{
? 
! You can't use `macro parameter character #' in horizontal mode.
l.177 \ifthenelse{\equal{\th@DefArg}{#
                                      2}}{
? 
! You can't use `macro parameter character #' in horizontal mode.
l.178     #
           1{#3}
? 
! You can't use `macro parameter character #' in horizontal mode.
l.178     #1{#
              3}
? 
! You can't use `macro parameter character #' in horizontal mode.
l.180     #
           1[#2]{#3}}
? 
! You can't use `macro parameter character #' in horizontal mode.
l.180     #1[#
              2]{#3}}
? 
! You can't use `macro parameter character #' in horizontal mode.
l.180     #1[#2]{#
                  3}}
? 
! Undefined control sequence.
l.192     \newcommand
                     *{\th@ChSz}{\normalsize\Large}
? 
! Undefined control sequence.
l.192     \newcommand*{\th
                          @ChSz}{\normalsize\Large}
? 
! Undefined control sequence.
l.192     \newcommand*{\th@ChSz}{\normalsize
                                            \Large}
? 
! Undefined control sequence.
l.192     \newcommand*{\th@ChSz}{\normalsize\Large
                                                  }
? 
! Undefined control sequence.
l.193     \newcommand
                     *{\th@ScSz}{\normalsize\large}
? 
! Undefined control sequence.
l.193     \newcommand*{\th
                          @ScSz}{\normalsize\large}
? 
! Undefined control sequence.
l.193     \newcommand*{\th@ScSz}{\normalsize
                                            \large}
? 
! Undefined control sequence.
l.193     \newcommand*{\th@ScSz}{\normalsize\large
                                                  }
? 
! Undefined control sequence.
l.199     \newcommand
                     *{\th@HdFnt}{\normalfont}
? 
! Undefined control sequence.
l.199     \newcommand*{\th
                          @HdFnt}{\normalfont}
? 
! Undefined control sequence.
l.199     \newcommand*{\th@HdFnt}{\normalfont
                                             }
? 
! Undefined control sequence.
l.205 \@
        thInHeadingfalse
? 
! Undefined control sequence.
l.206 \newcommand
                 *{\th@ChapterStyle}{\if@thInHeading\th@HdFnt\th@ChSz\fi}
? 
! Undefined control sequence.
l.206 \newcommand*{\th
                      @ChapterStyle}{\if@thInHeading\th@HdFnt\th@ChSz\fi}
? 
! Emergency stop.
l.206 \newcommand*{\th
                      @ChapterStyle}{\if@thInHeading\th@HdFnt\th@ChSz\fi}
End of file on the terminal!

!  ==> Fatal error occurred, no output PDF file produced!
