This is pdfTeX, Version 3.1415926-1.40.10 (TeX Live 2009/Debian) (format=pdflatex 2014.1.22)  9 MAY 2015 06:31
entering extended mode
 %&-line parsing enabled.
**Mythesis_Btech.tex
(./Mythesis_Btech.tex
LaTeX2e <2009/09/24>
Babel <v3.8l> and hyphenation patterns for english, usenglishmax, dumylang, noh
yphenation, loaded.
(./thesis.cls
Document Class: thesis 2000/11/03

--------------------------------------------------------------
 +---+ Thesis Style (thesis.cls) version 1.09, November 2000
 +---+ for University of Colorado Ph.D. theses/dissertations.
 * Conforms to the University of Colorado at Boulder Graduate
 * School "SPECIFICATIONS for Preparation of Master's Thesis
 * and Doctoral Dissertations" (rev. February 2000).
--------------------------------------------------------------
 URL: http://www.Colorado.EDU/ITS/docs/latex/ThesisClass

(/usr/share/texmf-texlive/tex/latex/base/report.cls
Document Class: report 2007/10/19 v1.4h Standard LaTeX document class
(/usr/share/texmf-texlive/tex/latex/base/size12.clo
File: size12.clo 2007/10/19 v1.4h Standard LaTeX file (size option)
)
\c@part=\count79
\c@chapter=\count80
\c@section=\count81
\c@subsection=\count82
\c@subsubsection=\count83
\c@paragraph=\count84
\c@subparagraph=\count85
\c@figure=\count86
\c@table=\count87
\abovecaptionskip=\skip41
\belowcaptionskip=\skip42
\bibindent=\dimen102
)
(/usr/share/texmf-texlive/tex/latex/tools/indentfirst.sty
Package: indentfirst 1995/11/23 v1.03 Indent first paragraph (DPC)
)
(/usr/share/texmf-texlive/tex/latex/base/ifthen.sty
Package: ifthen 2001/05/26 v1.1c Standard LaTeX ifthen package (DPC)
)
(/usr/share/texmf-texlive/tex/latex/ltxmisc/ulem.sty
\UL@box=\box26
\UL@hyphenbox=\box27
\UL@skip=\skip43
\UL@hook=\toks14
\UL@pe=\count88
\UL@pixel=\dimen103
\ULC@box=\box28
Package: ulem 2000/05/26
\ULdepth=\dimen104
)
\c@th@SecNum=\count89
\c@th@SectionSave=\count90
\th@SubSubSecSpc=\skip44
\c@th@storepage=\count91
)
(/usr/share/texmf-texlive/tex/latex/base/latexsym.sty
Package: latexsym 1998/08/17 v2.2e Standard LaTeX package (lasy symbols)
\symlasy=\mathgroup4
LaTeX Font Info:    Overwriting symbol font `lasy' in version `bold'
(Font)                  U/lasy/m/n --> U/lasy/b/n on input line 47.
)
(/usr/share/texmf-texlive/tex/latex/graphics/epsfig.sty
Package: epsfig 1999/02/16 v1.7a (e)psfig emulation (SPQR)

(/usr/share/texmf-texlive/tex/latex/graphics/graphicx.sty
Package: graphicx 1999/02/16 v1.0f Enhanced LaTeX Graphics (DPC,SPQR)

(/usr/share/texmf-texlive/tex/latex/graphics/keyval.sty
Package: keyval 1999/03/16 v1.13 key=value parser (DPC)
\KV@toks@=\toks15
)
(/usr/share/texmf-texlive/tex/latex/graphics/graphics.sty
Package: graphics 2009/02/05 v1.0o Standard LaTeX Graphics (DPC,SPQR)

(/usr/share/texmf-texlive/tex/latex/graphics/trig.sty
Package: trig 1999/03/16 v1.09 sin cos tan (DPC)
)
(/etc/texmf/tex/latex/config/graphics.cfg
File: graphics.cfg 2009/08/28 v1.8 graphics configuration of TeX Live
)
Package graphics Info: Driver file: pdftex.def on input line 91.

(/usr/share/texmf-texlive/tex/latex/pdftex-def/pdftex.def
File: pdftex.def 2010/03/12 v0.04p Graphics/color for pdfTeX
\Gread@gobject=\count92
))
\Gin@req@height=\dimen105
\Gin@req@width=\dimen106
)
\epsfxsize=\dimen107
\epsfysize=\dimen108
) (./rotating.sty
Package: rotating 1995/08/22 2.10 Rotation package
\r@tfl@t=\count93
\rot@float@box=\box29
)
(./eufrak.sty
Package: eufrak 1997/05/15 v2.2d Euler Fraktur fonts
LaTeX Font Info:    Overwriting math alphabet `\EuFrak' in version `bold'
(Font)                  U/euf/m/n --> U/euf/b/n on input line 52.
)
Putting page number on short ToC
! Undefined control sequence.
\LoSisShort -> \@shortLoStrue 
                              \typeout {Putting page number on short LoS} 
l.56 \LoSisShort
                
The control sequence at the end of the top line
of your error message was never \def'ed. If you have
misspelled it (e.g., `\hobx'), type `I' and the correct
spelling (e.g., `I\hbox'). Otherwise just continue,
and I'll forget about whatever was undefined.

Putting page number on short LoS
Putting page number on short LoF
Putting page number on short LoT
! Undefined control sequence.
\LoAisShort -> \@shortLoAtrue 
                              \typeout {Putting page number on short LoA} 
l.64 \LoAisShort
                
The control sequence at the end of the top line
of your error message was never \def'ed. If you have
misspelled it (e.g., `\hobx'), type `I' and the correct
spelling (e.g., `I\hbox'). Otherwise just continue,
and I'll forget about whatever was undefined.

Putting page number on short LoA
(./Mythesis_Btech.aux)
\openout1 = `Mythesis_Btech.aux'.

LaTeX Font Info:    Checking defaults for OML/cmm/m/it on input line 77.
LaTeX Font Info:    ... okay on input line 77.
LaTeX Font Info:    Checking defaults for T1/cmr/m/n on input line 77.
LaTeX Font Info:    ... okay on input line 77.
LaTeX Font Info:    Checking defaults for OT1/cmr/m/n on input line 77.
LaTeX Font Info:    ... okay on input line 77.
LaTeX Font Info:    Checking defaults for OMS/cmsy/m/n on input line 77.
LaTeX Font Info:    ... okay on input line 77.
LaTeX Font Info:    Checking defaults for OMX/cmex/m/n on input line 77.
LaTeX Font Info:    ... okay on input line 77.
LaTeX Font Info:    Checking defaults for U/cmr/m/n on input line 77.
LaTeX Font Info:    ... okay on input line 77.
 (/usr/share/texmf-texlive/tex/context/base/supp-pdf.mkii
[Loading MPS to PDF converter (version 2006.09.02).]
\scratchcounter=\count94
\scratchdimen=\dimen109
\scratchbox=\box30
\nofMPsegments=\count95
\nofMParguments=\count96
\everyMPshowfont=\toks16
\MPscratchCnt=\count97
\MPscratchDim=\dimen110
\MPnumerator=\count98
\everyMPtoPDFconversion=\toks17
)
Making Title Page
<figures/nitclogo.pdf, id=1, 73.27374pt x 86.3225pt>
File: figures/nitclogo.pdf Graphic file (type pdf)

<use figures/nitclogo.pdf>
Making Acknowledgement Page
[1


{/var/lib/texmf/fonts/map/pdftex/updmap/pdftex.map} <./figures/nitclogo.pdf>]
centered
! Missing { inserted.
<to be read again> 
                   \unhbox 
l.77 \begin{document}
                     
A left brace was mandatory here, so I've put one in.
You might want to delete and/or insert some corrections
so that I will find a matching right brace soon.
(If you're confused by all this, try typing `I}' now.)


! LaTeX Error: \begin{raggedright} on input line 77 ended by \end{RAGGEDRIGHT}.


See the LaTeX manual or LaTeX Companion for explanation.
Type  H <return>  for immediate help.
 ...                                              
                                                  
l.77 \begin{document}
                     
Your command was ignored.
Type  I <command> <return>  to replace it with another command,
or  <return>  to continue without it.

Making Dedication Page

Overfull \hbox (126.9297pt too wide) in paragraph at lines 77--77
[]\OT1/cmr/m/n/12 Your ac-knowl-edge-ments  | \OT1/cmr/bx/n/12 GOVIND
 []


Overfull \vbox (7.96431pt too high) has occurred while \output is active []


[2


]
Underfull \hbox (badness 10000) in paragraph at lines 77--77

 []


Underfull \hbox (badness 10000) in paragraph at lines 77--77

 []

Making Approval Page

Overfull \hbox (97.14171pt too wide) in paragraph at lines 77--77
[][] []
 []

[3

]
Underfull \hbox (badness 10000) in paragraph at lines 77--77

 []

Making ToC Page
Making Short ToC...
[4

]
centered
Short Chapter (page numbered)
(./Mythesis_Btech.toc)
\tf@toc=\write3
\openout3 = `Mythesis_Btech.toc'.


Making Abstract Page

Overfull \vbox (5.16667pt too high) has occurred while \output is active []


[5

]
centered
Short Chapter (page numbered)
Making LoS Page
! Undefined control sequence.
\emptyLoS -> \@makenoLoStrue 
                             \typeout {No LoS printed} 
l.77 \begin{document}
                     
The control sequence at the end of the top line
of your error message was never \def'ed. If you have
misspelled it (e.g., `\hobx'), type `I' and the correct
spelling (e.g., `I\hbox'). Otherwise just continue,
and I'll forget about whatever was undefined.

No LoS printed
Skipping Los...
! Undefined control sequence.
\th@MakeThesisPrologue ...ge \listofabbreviations 
                                                  \typeout {Making LoT Page}...
l.77 \begin{document}
                     
The control sequence at the end of the top line
of your error message was never \def'ed. If you have
misspelled it (e.g., `\hobx'), type `I' and the correct
spelling (e.g., `I\hbox'). Otherwise just continue,
and I'll forget about whatever was undefined.

Making LoT Page
Making Short LoT...

Overfull \vbox (7.96431pt too high) has occurred while \output is active []


[6


]
centered
Short Chapter (page numbered)
(./Mythesis_Btech.lot)
\tf@lot=\write4
\openout4 = `Mythesis_Btech.lot'.


Making LoF Page
Making Short LoF...

Overfull \vbox (7.96431pt too high) has occurred while \output is active []


[7

]
centered
Short Chapter (page numbered)
(./Mythesis_Btech.lof)
\tf@lof=\write5
\openout5 = `Mythesis_Btech.lof'.


Making LoA Page
! Undefined control sequence.
\th@LoApage ...@THshortChapterfalse \if@makenoLoA 
                                                  \typeout {Skipping LoA...}...
l.77 \begin{document}
                     
The control sequence at the end of the top line
of your error message was never \def'ed. If you have
misspelled it (e.g., `\hobx'), type `I' and the correct
spelling (e.g., `I\hbox'). Otherwise just continue,
and I'll forget about whatever was undefined.

Skipping LoA...
! Undefined control sequence.
\th@LoApage ...doublespacing \listofabbreviations 
                                                  } \fi 
l.77 \begin{document}
                     
The control sequence at the end of the top line
of your error message was never \def'ed. If you have
misspelled it (e.g., `\hobx'), type `I' and the correct
spelling (e.g., `I\hbox'). Otherwise just continue,
and I'll forget about whatever was undefined.

! Extra \fi.
\th@LoApage ...spacing \listofabbreviations } \fi 
                                                  
l.77 \begin{document}
                     
I'm ignoring this; it doesn't match any \if.

! Extra \fi.
\th@MakeThesisPrologue ...A Page} \th@LoApage \fi 
                                                  
l.77 \begin{document}
                     
I'm ignoring this; it doesn't match any \if.



-------------------Beginning Body----------------------



Overfull \vbox (7.96431pt too high) has occurred while \output is active []


[8

] (./macros.tex
\c@th@theorem=\count99
) (./ch1.tex
 \th@ChapterStyle\th@DoChapCenterChapter \th@ChapterStyle 1.
centered
) (./ch2.tex [1


]
 \th@ChapterStyle\th@DoChapCenterChapter \th@ChapterStyle 2.
centered
) (./Mythesis_Btech.bbl [2

]
centered

LaTeX Warning: Empty `thebibliography' environment on input line 3.

) (./abi.tex [3

]
 \th@ChapterStyle\th@DoChapCenterAppendix \th@ChapterStyle A.
centered
) [4

] (./Mythesis_Btech.aux) )
(\end occurred inside a group at level 1)

### simple group (level 1) entered at line 77 ({)
### bottom level 
Here is how much of TeX's memory you used:
 1464 strings out of 495061
 18586 string characters out of 1182621
 70776 words of memory out of 3000000
 4642 multiletter control sequences out of 15000+50000
 7214 words of font info for 26 fonts, out of 3000000 for 9000
 28 hyphenation exceptions out of 8191
 32i,4n,23p,626b,300s stack positions out of 5000i,500n,10000p,200000b,50000s
</usr/share/texmf-texlive/fonts/type1/public/amsfonts/cm/cmbx12
.pfb></usr/share/texmf-texlive/fonts/type1/public/amsfonts/cm/cmr12.pfb></usr/s
hare/texmf-texlive/fonts/type1/public/amsfonts/cm/cmti12.pfb>
Output written on Mythesis_Btech.pdf (12 pages, 96043 bytes).
PDF statistics:
 57 PDF objects out of 1000 (max. 8388607)
 0 named destinations out of 1000 (max. 500000)
 6 words of extra memory for PDF output out of 10000 (max. 10000000)

